#
# A fatal error has been detected by the Java Runtime Environment:
#
#  Internal Error (0xc000000d), pid=7620, tid=4276
#
# JRE version: Java(TM) SE Runtime Environment (8.0_66-b17) (build 1.8.0_66-b17)
# Java VM: Java HotSpot(TM) 64-Bit Server VM (25.66-b17 mixed mode windows-amd64 compressed oops)
# Problematic frame:
# C  [ntdll.dll+0xfe5ac]
#
# Failed to write core dump. Minidumps are not enabled by default on client versions of Windows
#
# If you would like to submit a bug report, please visit:
#   http://bugreport.java.com/bugreport/crash.jsp
#

---------------  T H R E A D  ---------------

Current thread (0x0000000017157800):  VMThread [stack: 0x00000000181e0000,0x00000000182e0000] [id=4276]

siginfo: ExceptionCode=0xc000000d

Registers:
RAX=0x0000000000000000, RBX=0x00000000008c0440, RCX=0x0000000000000000, RDX=0x0000000000000000
RSP=0x00000000182dea50, RBP=0x0000000000000000, RSI=0x000000001bae9060, RDI=0x000000001bb29c70
R8 =0x0000000000000000, R9 =0x0000000000000000, R10=0x0000000000000000, R11=0x0000000000000000
R12=0x0000000000000000, R13=0x00000000ffffffff, R14=0x000000001bb16e80, R15=0x000000001bae9060
RIP=0x00007ffa5898e5ac, EFLAGS=0x0000000000000206

Top of Stack: (sp=0x00000000182dea50)
0x00000000182dea50:   0000000000000057 00000000008c0440
0x00000000182dea60:   000000001bae9060 000000001bb29c70
0x00000000182dea70:   00000000c000000d 0000000000000000
0x00000000182dea80:   00007ffa5898e5ac 0000000000000000
0x00000000182dea90:   0000000000000000 0000000000000000
0x00000000182deaa0:   0000000000000000 0000000000000000
0x00000000182deab0:   0000000000000000 0000000000000000
0x00000000182deac0:   0000000000000000 0000000000000000
0x00000000182dead0:   0000000000000000 0000000000000000
0x00000000182deae0:   0000000000000000 0000000000000000
0x00000000182deaf0:   0000000000000000 0000000000000000
0x00000000182deb00:   0000000000000000 00007ffa588cc468
0x00000000182deb10:   0000599b6fc5e925 0000000000000000
0x00000000182deb20:   0000599b6fc5e9d5 00007ffa589509fb
0x00000000182deb30:   0000000000000001 00007ffa4211e8db
0x00000000182deb40:   0000000000836510 00000000182dec50 

Instructions: (pc=0x00007ffa5898e5ac)
0x00007ffa5898e58c:   d1 fa ff c7 44 24 20 0d 00 00 c0 b9 57 00 00 00
0x00007ffa5898e59c:   e8 df 0f f6 ff 90 48 8d 4c 24 20 e8 64 bb f4 ff
0x00007ffa5898e5ac:   eb 00 48 8b 8c 24 c0 00 00 00 48 33 cc e8 92 70
0x00007ffa5898e5bc:   f9 ff 48 81 c4 d8 00 00 00 c3 40 55 48 83 ec 20 


Register to memory mapping:

RAX=0x0000000000000000 is an unknown value
RBX=0x00000000008c0440 is an unknown value
RCX=0x0000000000000000 is an unknown value
RDX=0x0000000000000000 is an unknown value
RSP=0x00000000182dea50 is an unknown value
RBP=0x0000000000000000 is an unknown value
RSI=0x000000001bae9060 is an unknown value
RDI=0x000000001bb29c70 is an unknown value
R8 =0x0000000000000000 is an unknown value
R9 =0x0000000000000000 is an unknown value
R10=0x0000000000000000 is an unknown value
R11=0x0000000000000000 is an unknown value
R12=0x0000000000000000 is an unknown value
R13=0x00000000ffffffff is an unallocated location in the heap
R14=0x000000001bb16e80 is an unknown value
R15=0x000000001bae9060 is an unknown value


Stack: [0x00000000181e0000,0x00000000182e0000],  sp=0x00000000182dea50,  free space=1018k
Native frames: (J=compiled Java code, j=interpreted, Vv=VM code, C=native code)

VM_Operation (0x000000001b49d280): Exit, mode: safepoint, requested by thread 0x0000000018eaf800


---------------  P R O C E S S  ---------------

Java Threads: ( => current thread )
  0x000000001983d000 JavaThread "Thread-2" daemon [_thread_in_native, id=3768, stack(0x0000000021420000,0x0000000021520000)]
  0x0000000002561000 JavaThread "DestroyJavaVM" [_thread_blocked, id=9712, stack(0x0000000002460000,0x0000000002560000)]
  0x0000000018eaf800 JavaThread "AWT-EventQueue-0" [_thread_blocked, id=5916, stack(0x000000001b3a0000,0x000000001b4a0000)]
  0x00000000196f2800 JavaThread "AWT-Shutdown" [_thread_blocked, id=7920, stack(0x0000000019fb0000,0x000000001a0b0000)]
  0x0000000018e9e000 JavaThread "Java2D Disposer" daemon [_thread_blocked, id=3644, stack(0x0000000019eb0000,0x0000000019fb0000)]
  0x0000000018ae6000 JavaThread "Service Thread" daemon [_thread_blocked, id=10728, stack(0x0000000018ed0000,0x0000000018fd0000)]
  0x00000000171bb000 JavaThread "C1 CompilerThread2" daemon [_thread_blocked, id=920, stack(0x00000000189d0000,0x0000000018ad0000)]
  0x0000000017191800 JavaThread "C2 CompilerThread1" daemon [_thread_blocked, id=6676, stack(0x00000000188d0000,0x00000000189d0000)]
  0x000000001718b800 JavaThread "C2 CompilerThread0" daemon [_thread_blocked, id=716, stack(0x00000000187d0000,0x00000000188d0000)]
  0x000000001718a000 JavaThread "Attach Listener" daemon [_thread_blocked, id=6544, stack(0x00000000186d0000,0x00000000187d0000)]
  0x0000000017188800 JavaThread "Signal Dispatcher" daemon [_thread_blocked, id=10788, stack(0x00000000185d0000,0x00000000186d0000)]
  0x0000000002657000 JavaThread "Finalizer" daemon [_thread_blocked, id=9704, stack(0x00000000183e0000,0x00000000184e0000)]
  0x000000000264e000 JavaThread "Reference Handler" daemon [_thread_blocked, id=8836, stack(0x00000000182e0000,0x00000000183e0000)]

Other Threads:
=>0x0000000017157800 VMThread [stack: 0x00000000181e0000,0x00000000182e0000] [id=4276]

VM state:at safepoint (shutting down)

VM Mutex/Monitor currently owned by a thread:  ([mutex/lock_event])
[0x0000000000cbcb30] Threads_lock - owner thread: 0x0000000017157800

Heap:
 PSYoungGen      total 38400K, used 16451K [0x00000000d5f00000, 0x00000000d8980000, 0x0000000100000000)
  eden space 33280K, 41% used [0x00000000d5f00000,0x00000000d6c53bf8,0x00000000d7f80000)
  from space 5120K, 54% used [0x00000000d8480000,0x00000000d873d058,0x00000000d8980000)
  to   space 5120K, 0% used [0x00000000d7f80000,0x00000000d7f80000,0x00000000d8480000)
 ParOldGen       total 87552K, used 5115K [0x0000000081c00000, 0x0000000087180000, 0x00000000d5f00000)
  object space 87552K, 5% used [0x0000000081c00000,0x00000000820fee18,0x0000000087180000)
 Metaspace       used 12273K, capacity 12484K, committed 12672K, reserved 1060864K
  class space    used 1525K, capacity 1604K, committed 1664K, reserved 1048576K

Card table byte_map: [0x0000000011a20000,0x0000000011e20000] byte_map_base: 0x0000000011612000

Marking Bits: (ParMarkBitMap*) 0x0000000077f7a5b0
 Begin Bits: [0x00000000124d0000, 0x0000000014460000)
 End Bits:   [0x0000000014460000, 0x00000000163f0000)

Polling page: 0x0000000000800000

CodeCache: size=245760Kb used=2455Kb max_used=2455Kb free=243304Kb
 bounds [0x0000000002660000, 0x00000000028d0000, 0x0000000011660000]
 total_blobs=1260 nmethods=659 adapters=514
 compilation: enabled

Compilation events (10 events):
Event: 23.910 Thread 0x00000000171bb000  655       3       java.util.WeakHashMap::hash (28 bytes)
Event: 23.911 Thread 0x00000000171bb000 nmethod 655 0x00000000028c1b50 code [0x00000000028c1cc0, 0x00000000028c1f08]
Event: 24.109 Thread 0x00000000171bb000  656       1       java.awt.image.ColorModel::getTransparency (5 bytes)
Event: 24.109 Thread 0x00000000171bb000 nmethod 656 0x00000000028c1fd0 code [0x00000000028c2120, 0x00000000028c2230]
Event: 24.564 Thread 0x00000000171bb000  657       3       javax.imageio.stream.ImageInputStreamImpl::reset (69 bytes)
Event: 24.569 Thread 0x00000000171bb000 nmethod 657 0x00000000028c2290 code [0x00000000028c25e0, 0x00000000028c4ca8]
Event: 24.569 Thread 0x00000000171bb000  659       3       javax.imageio.stream.ImageInputStreamImpl::readInt (142 bytes)
Event: 24.571 Thread 0x00000000171bb000 nmethod 659 0x00000000028c5d10 code [0x00000000028c5ea0, 0x00000000028c62f8]
Event: 24.571 Thread 0x00000000171bb000  658       3       javax.imageio.stream.ImageInputStreamImpl::setBitOffset (30 bytes)
Event: 24.572 Thread 0x00000000171bb000 nmethod 658 0x00000000028c64d0 code [0x00000000028c6660, 0x00000000028c6ab8]

GC Heap History (4 events):
Event: 12.139 GC heap before
{Heap before GC invocations=1 (full 0):
 PSYoungGen      total 38400K, used 32445K [0x00000000d5f00000, 0x00000000d8980000, 0x0000000100000000)
  eden space 33280K, 97% used [0x00000000d5f00000,0x00000000d7eaf5d0,0x00000000d7f80000)
  from space 5120K, 0% used [0x00000000d8480000,0x00000000d8480000,0x00000000d8980000)
  to   space 5120K, 0% used [0x00000000d7f80000,0x00000000d7f80000,0x00000000d8480000)
 ParOldGen       total 87552K, used 0K [0x0000000081c00000, 0x0000000087180000, 0x00000000d5f00000)
  object space 87552K, 0% used [0x0000000081c00000,0x0000000081c00000,0x0000000087180000)
 Metaspace       used 12226K, capacity 12416K, committed 12672K, reserved 1060864K
  class space    used 1524K, capacity 1604K, committed 1664K, reserved 1048576K
Event: 12.155 GC heap after
Heap after GC invocations=1 (full 0):
 PSYoungGen      total 38400K, used 5115K [0x00000000d5f00000, 0x00000000d8980000, 0x0000000100000000)
  eden space 33280K, 0% used [0x00000000d5f00000,0x00000000d5f00000,0x00000000d7f80000)
  from space 5120K, 99% used [0x00000000d7f80000,0x00000000d847ee38,0x00000000d8480000)
  to   space 5120K, 0% used [0x00000000d8480000,0x00000000d8480000,0x00000000d8980000)
 ParOldGen       total 87552K, used 5107K [0x0000000081c00000, 0x0000000087180000, 0x00000000d5f00000)
  object space 87552K, 5% used [0x0000000081c00000,0x00000000820fce18,0x0000000087180000)
 Metaspace       used 12226K, capacity 12416K, committed 12672K, reserved 1060864K
  class space    used 1524K, capacity 1604K, committed 1664K, reserved 1048576K
}
Event: 21.842 GC heap before
{Heap before GC invocations=2 (full 0):
 PSYoungGen      total 38400K, used 37827K [0x00000000d5f00000, 0x00000000d8980000, 0x0000000100000000)
  eden space 33280K, 98% used [0x00000000d5f00000,0x00000000d7ef2020,0x00000000d7f80000)
  from space 5120K, 99% used [0x00000000d7f80000,0x00000000d847ee38,0x00000000d8480000)
  to   space 5120K, 0% used [0x00000000d8480000,0x00000000d8480000,0x00000000d8980000)
 ParOldGen       total 87552K, used 5107K [0x0000000081c00000, 0x0000000087180000, 0x00000000d5f00000)
  object space 87552K, 5% used [0x0000000081c00000,0x00000000820fce18,0x0000000087180000)
 Metaspace       used 12240K, capacity 12480K, committed 12672K, reserved 1060864K
  class space    used 1524K, capacity 1604K, committed 1664K, reserved 1048576K
Event: 21.852 GC heap after
Heap after GC invocations=2 (full 0):
 PSYoungGen      total 38400K, used 2804K [0x00000000d5f00000, 0x00000000d8980000, 0x0000000100000000)
  eden space 33280K, 0% used [0x00000000d5f00000,0x00000000d5f00000,0x00000000d7f80000)
  from space 5120K, 54% used [0x00000000d8480000,0x00000000d873d058,0x00000000d8980000)
  to   space 5120K, 0% used [0x00000000d7f80000,0x00000000d7f80000,0x00000000d8480000)
 ParOldGen       total 87552K, used 5115K [0x0000000081c00000, 0x0000000087180000, 0x00000000d5f00000)
  object space 87552K, 5% used [0x0000000081c00000,0x00000000820fee18,0x0000000087180000)
 Metaspace       used 12240K, capacity 12480K, committed 12672K, reserved 1060864K
  class space    used 1524K, capacity 1604K, committed 1664K, reserved 1048576K
}

Deoptimization events (5 events):
Event: 5.381 Thread 0x000000001983d000 Uncommon trap: reason=class_check action=maybe_recompile pc=0x000000000286637c method=java.util.HashMap.putVal(ILjava/lang/Object;Ljava/lang/Object;ZZ)Ljava/lang/Object; @ 253
Event: 5.382 Thread 0x000000001983d000 Uncommon trap: reason=class_check action=maybe_recompile pc=0x000000000286637c method=java.util.HashMap.putVal(ILjava/lang/Object;Ljava/lang/Object;ZZ)Ljava/lang/Object; @ 253
Event: 5.382 Thread 0x000000001983d000 Uncommon trap: reason=class_check action=maybe_recompile pc=0x000000000286637c method=java.util.HashMap.putVal(ILjava/lang/Object;Ljava/lang/Object;ZZ)Ljava/lang/Object; @ 253
Event: 5.382 Thread 0x000000001983d000 Uncommon trap: reason=class_check action=maybe_recompile pc=0x000000000286637c method=java.util.HashMap.putVal(ILjava/lang/Object;Ljava/lang/Object;ZZ)Ljava/lang/Object; @ 253
Event: 5.382 Thread 0x000000001983d000 Uncommon trap: reason=class_check action=maybe_recompile pc=0x0000000002853df0 method=java.util.HashMap.putVal(ILjava/lang/Object;Ljava/lang/Object;ZZ)Ljava/lang/Object; @ 253

Internal exceptions (10 events):
Event: 0.885 Thread 0x0000000002561000 Exception <a 'java/lang/ClassNotFoundException': ToolBar> (0x00000000d63f7838) thrown at [C:\re\workspace\8-2-build-windows-amd64-cygwin\jdk8u66\4988\hotspot\src\share\vm\classfile\systemDictionary.cpp, line 210]
Event: 0.885 Thread 0x0000000002561000 Exception <a 'java/lang/ClassNotFoundException': ToggleButton> (0x00000000d63f7de8) thrown at [C:\re\workspace\8-2-build-windows-amd64-cygwin\jdk8u66\4988\hotspot\src\share\vm\classfile\systemDictionary.cpp, line 210]
Event: 0.885 Thread 0x0000000002561000 Exception <a 'java/lang/ClassNotFoundException': javax/swing/JToolBarSeparator> (0x00000000d63f8248) thrown at [C:\re\workspace\8-2-build-windows-amd64-cygwin\jdk8u66\4988\hotspot\src\share\vm\classfile\systemDictionary.cpp, line 210]
Event: 0.885 Thread 0x0000000002561000 Exception <a 'java/lang/ClassNotFoundException': ToolBarSeparator> (0x00000000d63f86e0) thrown at [C:\re\workspace\8-2-build-windows-amd64-cygwin\jdk8u66\4988\hotspot\src\share\vm\classfile\systemDictionary.cpp, line 210]
Event: 0.885 Thread 0x0000000002561000 Exception <a 'java/lang/ClassNotFoundException': ToolTip> (0x00000000d63f8e20) thrown at [C:\re\workspace\8-2-build-windows-amd64-cygwin\jdk8u66\4988\hotspot\src\share\vm\classfile\systemDictionary.cpp, line 210]
Event: 0.888 Thread 0x0000000002561000 Exception <a 'java/lang/ClassNotFoundException': Tree> (0x00000000d63f9a40) thrown at [C:\re\workspace\8-2-build-windows-amd64-cygwin\jdk8u66\4988\hotspot\src\share\vm\classfile\systemDictionary.cpp, line 210]
Event: 0.888 Thread 0x0000000002561000 Exception <a 'java/lang/ClassNotFoundException': Tree> (0x00000000d63fa180) thrown at [C:\re\workspace\8-2-build-windows-amd64-cygwin\jdk8u66\4988\hotspot\src\share\vm\classfile\systemDictionary.cpp, line 210]
Event: 0.888 Thread 0x0000000002561000 Exception <a 'java/lang/ClassNotFoundException': javax/swing/JTreeCell> (0x00000000d63fa500) thrown at [C:\re\workspace\8-2-build-windows-amd64-cygwin\jdk8u66\4988\hotspot\src\share\vm\classfile\systemDictionary.cpp, line 210]
Event: 0.888 Thread 0x0000000002561000 Exception <a 'java/lang/ClassNotFoundException': TreeCell> (0x00000000d63fa988) thrown at [C:\re\workspace\8-2-build-windows-amd64-cygwin\jdk8u66\4988\hotspot\src\share\vm\classfile\systemDictionary.cpp, line 210]
Event: 0.889 Thread 0x0000000002561000 Exception <a 'java/lang/ClassNotFoundException': RootPane> (0x00000000d63fb3e8) thrown at [C:\re\workspace\8-2-build-windows-amd64-cygwin\jdk8u66\4988\hotspot\src\share\vm\classfile\systemDictionary.cpp, line 210]

Events (10 events):
Event: 24.693 Executing VM operation: RevokeBias
Event: 24.695 Executing VM operation: RevokeBias done
Event: 24.695 loading class java/util/WeakHashMap$KeyIterator
Event: 24.695 Thread 0x0000000018d37800 Thread exited: 0x0000000018d37800
Event: 24.695 loading class java/util/WeakHashMap$HashIterator
Event: 24.696 loading class java/util/WeakHashMap$HashIterator done
Event: 24.696 loading class java/util/WeakHashMap$KeyIterator done
Event: 24.696 Thread 0x0000000018d36800 Thread exited: 0x0000000018d36800
Event: 24.769 Thread 0x0000000018d34000 Thread exited: 0x0000000018d34000
Event: 24.770 Executing VM operation: Exit


Dynamic libraries:
0x00007ff6d1480000 - 0x00007ff6d14b7000 	C:\Program Files\Java\jdk1.8.0_66\bin\java.exe
0x00007ffa58890000 - 0x00007ffa58a61000 	C:\WINDOWS\SYSTEM32\ntdll.dll
0x00007ffa58120000 - 0x00007ffa581cb000 	C:\WINDOWS\System32\KERNEL32.DLL
0x00007ffa55060000 - 0x00007ffa5527d000 	C:\WINDOWS\System32\KERNELBASE.dll
0x00007ffa57e50000 - 0x00007ffa57ef2000 	C:\WINDOWS\System32\ADVAPI32.dll
0x00007ffa58080000 - 0x00007ffa5811e000 	C:\WINDOWS\System32\msvcrt.dll
0x00007ffa582f0000 - 0x00007ffa58349000 	C:\WINDOWS\System32\sechost.dll
0x00007ffa57ce0000 - 0x00007ffa57e01000 	C:\WINDOWS\System32\RPCRT4.dll
0x00007ffa574a0000 - 0x00007ffa57605000 	C:\WINDOWS\System32\USER32.dll
0x00007ffa55ab0000 - 0x00007ffa55ace000 	C:\WINDOWS\System32\win32u.dll
0x00007ffa57710000 - 0x00007ffa57744000 	C:\WINDOWS\System32\GDI32.dll
0x00007ffa55c90000 - 0x00007ffa55e12000 	C:\WINDOWS\System32\gdi32full.dll
0x00007ffa48c00000 - 0x00007ffa48e79000 	C:\WINDOWS\WinSxS\amd64_microsoft.windows.common-controls_6595b64144ccf1df_6.0.14393.0_none_2d0f50fcbdb171b8\COMCTL32.dll
0x00007ffa58350000 - 0x00007ffa58617000 	C:\WINDOWS\System32\combase.dll
0x00007ffa55280000 - 0x00007ffa55375000 	C:\WINDOWS\System32\ucrtbase.dll
0x00007ffa54ff0000 - 0x00007ffa5505a000 	C:\WINDOWS\System32\bcryptPrimitives.dll
0x00007ffa57e10000 - 0x00007ffa57e3e000 	C:\WINDOWS\System32\IMM32.DLL
0x0000000050150000 - 0x0000000050222000 	C:\Program Files\Java\jdk1.8.0_66\jre\bin\msvcr100.dll
0x0000000077770000 - 0x0000000077ff9000 	C:\Program Files\Java\jdk1.8.0_66\jre\bin\server\jvm.dll
0x00007ffa58070000 - 0x00007ffa58078000 	C:\WINDOWS\System32\PSAPI.DLL
0x00007ffa443d0000 - 0x00007ffa443d9000 	C:\WINDOWS\SYSTEM32\WSOCK32.dll
0x00007ffa491e0000 - 0x00007ffa49203000 	C:\WINDOWS\SYSTEM32\WINMM.dll
0x00007ffa58620000 - 0x00007ffa5868a000 	C:\WINDOWS\System32\WS2_32.dll
0x00007ffa4f640000 - 0x00007ffa4f64a000 	C:\WINDOWS\SYSTEM32\VERSION.dll
0x00007ffa49110000 - 0x00007ffa4913b000 	C:\WINDOWS\SYSTEM32\WINMMBASE.dll
0x00007ffa55380000 - 0x00007ffa553c2000 	C:\WINDOWS\System32\cfgmgr32.dll
0x0000000050d50000 - 0x0000000050d5f000 	C:\Program Files\Java\jdk1.8.0_66\jre\bin\verify.dll
0x0000000050d20000 - 0x0000000050d49000 	C:\Program Files\Java\jdk1.8.0_66\jre\bin\java.dll
0x0000000050d00000 - 0x0000000050d16000 	C:\Program Files\Java\jdk1.8.0_66\jre\bin\zip.dll
0x00007ffa55e30000 - 0x00007ffa57338000 	C:\WINDOWS\System32\SHELL32.dll
0x00007ffa553d0000 - 0x00007ffa55aaa000 	C:\WINDOWS\System32\windows.storage.dll
0x00007ffa54dd0000 - 0x00007ffa54e1c000 	C:\WINDOWS\System32\powrprof.dll
0x00007ffa58690000 - 0x00007ffa586e2000 	C:\WINDOWS\System32\shlwapi.dll
0x00007ffa54db0000 - 0x00007ffa54dbf000 	C:\WINDOWS\System32\kernel.appcore.dll
0x00007ffa55ad0000 - 0x00007ffa55b79000 	C:\WINDOWS\System32\shcore.dll
0x00007ffa54d90000 - 0x00007ffa54da4000 	C:\WINDOWS\System32\profapi.dll
0x00000000775d0000 - 0x0000000077768000 	C:\Program Files\Java\jdk1.8.0_66\jre\bin\awt.dll
0x00007ffa58230000 - 0x00007ffa582ec000 	C:\WINDOWS\System32\OLEAUT32.dll
0x00007ffa53410000 - 0x00007ffa5348a000 	C:\WINDOWS\SYSTEM32\apphelp.dll
0x00007ffa2d190000 - 0x00007ffa2db33000 	C:\opencv\build\java\x64\opencv_java249.dll
0x00007ffa57750000 - 0x00007ffa57887000 	C:\WINDOWS\System32\ole32.dll
0x00007ffa4ef30000 - 0x00007ffa4ef50000 	C:\WINDOWS\SYSTEM32\AVIFIL32.dll
0x00007ffa4ef50000 - 0x00007ffa4ef79000 	C:\WINDOWS\SYSTEM32\MSVFW32.dll
0x00007ffa51c50000 - 0x00007ffa51c68000 	C:\WINDOWS\SYSTEM32\AVICAP32.dll
0x00007ffa4dac0000 - 0x00007ffa4dadc000 	C:\WINDOWS\SYSTEM32\MSACM32.dll
0x00007ffa538f0000 - 0x00007ffa53985000 	C:\WINDOWS\system32\uxtheme.dll
0x00007ffa57340000 - 0x00007ffa5749b000 	C:\WINDOWS\System32\MSCTF.dll
0x00007ffa3d5a0000 - 0x00007ffa3d638000 	C:\Program Files\Common Files\microsoft shared\ink\tiptsf.dll
0x00007ffa52720000 - 0x00007ffa52746000 	C:\WINDOWS\system32\dwmapi.dll
0x00000000500e0000 - 0x0000000050127000 	C:\Program Files\Java\jdk1.8.0_66\jre\bin\fontmanager.dll
0x0000000050ce0000 - 0x0000000050cfa000 	C:\Program Files\Java\jdk1.8.0_66\jre\bin\net.dll
0x00007ffa54660000 - 0x00007ffa546bc000 	C:\WINDOWS\system32\mswsock.dll
0x0000000050130000 - 0x0000000050141000 	C:\Program Files\Java\jdk1.8.0_66\jre\bin\nio.dll
0x0000000050090000 - 0x00000000500d2000 	C:\Program Files\Java\jdk1.8.0_66\jre\bin\t2k.dll
0x00007ffa57670000 - 0x00007ffa5770f000 	C:\WINDOWS\System32\clbcatq.dll
0x00007ffa41c70000 - 0x00007ffa41e1b000 	C:\Windows\System32\uiautomationcore.dll
0x00007ffa544f0000 - 0x00007ffa5450f000 	C:\Windows\System32\USERENV.dll
0x00007ffa54bd0000 - 0x00007ffa54c68000 	C:\WINDOWS\SYSTEM32\sxs.dll
0x00007ffa48590000 - 0x00007ffa485f5000 	C:\Windows\System32\OLEACC.dll
0x00007ffa3d8c0000 - 0x00007ffa3d93d000 	C:\WINDOWS\SYSTEM32\twinapi.dll
0x00007ffa515e0000 - 0x00007ffa516fc000 	C:\WINDOWS\SYSTEM32\twinapi.appcore.dll
0x00007ffa54cd0000 - 0x00007ffa54cfb000 	C:\WINDOWS\SYSTEM32\bcrypt.dll
0x0000000076be0000 - 0x0000000076c0a000 	C:\Program Files\Java\jdk1.8.0_66\jre\bin\dcpr.dll
0x00007ffa4ef10000 - 0x00007ffa4ef28000 	C:\Windows\System32\devenum.dll
0x00007ffa57890000 - 0x00007ffa57cb9000 	C:\WINDOWS\System32\setupapi.dll
0x00007ffa54140000 - 0x00007ffa54172000 	C:\WINDOWS\SYSTEM32\ntmarta.dll
0x00007ffa53990000 - 0x00007ffa539b8000 	C:\WINDOWS\SYSTEM32\DEVOBJ.dll
0x00007ffa55b80000 - 0x00007ffa55bd5000 	C:\WINDOWS\System32\WINTRUST.dll
0x00007ffa54dc0000 - 0x00007ffa54dd0000 	C:\WINDOWS\System32\MSASN1.dll
0x00007ffa54e20000 - 0x00007ffa54fe8000 	C:\WINDOWS\System32\CRYPT32.dll
0x00007ffa53500000 - 0x00007ffa5350a000 	C:\WINDOWS\SYSTEM32\msdmo.dll
0x00007ffa4da70000 - 0x00007ffa4daa3000 	C:\Windows\System32\qcap.dll
0x00007ffa3a840000 - 0x00007ffa3aa03000 	C:\Windows\System32\quartz.dll
0x00007ffa4c5c0000 - 0x00007ffa4c608000 	C:\Windows\System32\mfksproxy.dll
0x00007ffa4bb20000 - 0x00007ffa4bb3c000 	C:\Windows\System32\ATL.DLL
0x00007ffa32f70000 - 0x00007ffa330d8000 	C:\Windows\System32\MFPlat.DLL
0x00007ffa32f40000 - 0x00007ffa32f6e000 	C:\Windows\System32\RTWorkQ.DLL
0x00007ffa30a80000 - 0x00007ffa30e6b000 	C:\Windows\System32\MFCORE.dll
0x00007ffa46ee0000 - 0x00007ffa46ee9000 	C:\Windows\System32\ksuser.dll
0x00007ffa54820000 - 0x00007ffa5482b000 	C:\Windows\System32\CRYPTBASE.DLL
0x00007ffa4c560000 - 0x00007ffa4c5b2000 	C:\Windows\System32\FSClient.dll
0x00007ffa49900000 - 0x00007ffa4994d000 	C:\Windows\System32\MFSENSORGROUP.dll
0x00007ffa51cc0000 - 0x00007ffa51ccb000 	C:\Windows\System32\AVRT.dll
0x00007ffa523b0000 - 0x00007ffa523bd000 	C:\Windows\System32\vidcap.ax
0x00007ffa4e7a0000 - 0x00007ffa4e7c5000 	C:\Windows\System32\kswdmcap.ax
0x00007ffa43510000 - 0x00007ffa43673000 	C:\Windows\System32\MFC42.dll
0x00007ffa43340000 - 0x00007ffa433ef000 	C:\Windows\System32\ODBC32.dll
0x00007ffa542b0000 - 0x00007ffa542ba000 	C:\Windows\System32\DPAPI.dll
0x00007ffa49b60000 - 0x00007ffa49ba3000 	C:\WINDOWS\SYSTEM32\policymanager.dll
0x00007ffa52c20000 - 0x00007ffa52cb1000 	C:\Windows\System32\msvcp110_win.dll
0x00007ffa42100000 - 0x00007ffa421d4000 	C:\Windows\System32\MFReadWrite.dll
0x00007ffa41180000 - 0x00007ffa41223000 	C:\Windows\System32\qedit.dll
0x00007ffa57f00000 - 0x00007ffa57ffa000 	C:\WINDOWS\System32\COMDLG32.dll
0x00007ffa486b0000 - 0x00007ffa48849000 	C:\WINDOWS\WinSxS\amd64_microsoft.windows.gdiplus_6595b64144ccf1df_1.1.14393.0_none_acd6c01ad1498de0\gdiplus.dll
0x00007ffa41990000 - 0x00007ffa41a87000 	C:\Windows\System32\DDRAW.dll
0x00007ffa4e950000 - 0x00007ffa4e958000 	C:\Windows\System32\DCIMAN32.dll
0x00007ffa340d0000 - 0x00007ffa342ce000 	C:\Program Files (x86)\K-Lite Codec Pack\Filters\DirectVobSub64\vsfilter.dll
0x00007ffa46790000 - 0x00007ffa46a1a000 	C:\WINDOWS\SYSTEM32\WININET.dll
0x00007ffa48500000 - 0x00007ffa48585000 	C:\WINDOWS\SYSTEM32\WINSPOOL.DRV
0x00007ffa4f030000 - 0x00007ffa4f03c000 	C:\WINDOWS\SYSTEM32\msyuv.dll
0x00007ffa54800000 - 0x00007ffa54817000 	C:\WINDOWS\SYSTEM32\CRYPTSP.dll
0x00007ffa54270000 - 0x00007ffa542a3000 	C:\WINDOWS\system32\rsaenh.dll
0x00007ffa543f0000 - 0x00007ffa54428000 	C:\WINDOWS\SYSTEM32\IPHLPAPI.DLL
0x00007ffa55e20000 - 0x00007ffa55e28000 	C:\WINDOWS\System32\NSI.dll
0x00007ffa4b900000 - 0x00007ffa4b916000 	C:\WINDOWS\SYSTEM32\dhcpcsvc6.DLL
0x00007ffa4cc90000 - 0x00007ffa4ccaa000 	C:\WINDOWS\SYSTEM32\dhcpcsvc.DLL
0x00007ffa4f7c0000 - 0x00007ffa4f952000 	C:\WINDOWS\SYSTEM32\dbghelp.dll

VM Arguments:
jvm_args: -Dfile.encoding=UTF-8 -Djava.library.path=C:\opencv\build\java\x64 
java_command: gui.CarDetection
java_class_path (initial): C:\opencv\build\java\opencv-249.jar;C:\Users\MarcosVinicius\Documents\NetBeansProjects\DetectorDeFace\mysql-connector-java-5.1.39-bin.jar;C:\Users\MarcosVinicius\Documents\NetBeansProjects\DetectorDeFace\build\classes
Launcher Type: SUN_STANDARD

Environment Variables:
PATH=C:\ProgramData\Oracle\Java\javapath;C:\Program Files (x86)\NVIDIA Corporation\PhysX\Common;C:\Program Files (x86)\Intel\iCLS Client\;C:\Program Files\Intel\iCLS Client\;C:\WINDOWS\system32;C:\WINDOWS;C:\WINDOWS\System32\Wbem;C:\WINDOWS\System32\WindowsPowerShell\v1.0\;C:\Program Files\Intel\Intel(R) Management Engine Components\DAL;C:\Program Files\Intel\Intel(R) Management Engine Components\IPT;C:\Program Files (x86)\Intel\Intel(R) Management Engine Components\DAL;C:\Program Files (x86)\Intel\Intel(R) Management Engine Components\IPT;C:\Program Files\Intel\WiFi\bin\;C:\Program Files\Common Files\Intel\WirelessCommon\;C:\Program Files\Microsoft\Web Platform Installer\;C:\Program Files (x86)\Microsoft ASP.NET\ASP.NET Web Pages\v1.0\;C:\Program Files\Microsoft SQL Server\110\Tools\Binn\;C:\WINDOWS\system32\config\systemprofile\.dnx\bin;C:\Program Files\Microsoft DNX\Dnvm\;C:\Program Files (x86)\Windows Kits\8.1\Windows Performance Toolkit\;C:\Program Files (x86)\Skype\Phone\;C:\Program Files\Microsoft SQL Server\120\Tools\Binn\;C:\Program Files\Microsoft SQL Server\130\Tools\Binn\;C:\Program Files\nodejs\;C:\Program Files (x86)\MySQL\MySQL Fabric 1.5 & MySQL Utilities 1.5\;C:\Program Files (x86)\MySQL\MySQL Fabric 1.5 & MySQL Utilities 1.5\Doctrine extensions for PHP\;C:\Users\MarcosVinicius\AppData\Roaming\npm;%USERPROFILE%\AppData\Local\Microsoft\WindowsApps;
USERNAME=MarcosVinicius
OS=Windows_NT
PROCESSOR_IDENTIFIER=Intel64 Family 6 Model 69 Stepping 1, GenuineIntel



---------------  S Y S T E M  ---------------

OS: Windows 10.0 , 64 bit Build 14393 (10.0.14393.0)

CPU:total 4 (2 cores per cpu, 2 threads per core) family 6 model 69 stepping 1, cmov, cx8, fxsr, mmx, sse, sse2, sse3, ssse3, sse4.1, sse4.2, popcnt, avx, avx2, aes, clmul, erms, lzcnt, ht, tsc, tscinvbit, bmi1, bmi2

Memory: 4k page, physical 8268904k(2480764k free), swap 10234984k(4275180k free)

vm_info: Java HotSpot(TM) 64-Bit Server VM (25.66-b17) for windows-amd64 JRE (1.8.0_66-b17), built on Oct  6 2015 18:55:33 by "java_re" with MS VC++ 10.0 (VS2010)

time: Mon Oct 03 22:55:13 2016
elapsed time: 26 seconds (0d 0h 0m 26s)

