#
# A fatal error has been detected by the Java Runtime Environment:
#
#  Internal Error (0xc000000d), pid=8012, tid=5636
#
# JRE version: Java(TM) SE Runtime Environment (8.0_66-b17) (build 1.8.0_66-b17)
# Java VM: Java HotSpot(TM) 64-Bit Server VM (25.66-b17 mixed mode windows-amd64 compressed oops)
# Problematic frame:
# C  [ntdll.dll+0xfe5bc]
#
# Failed to write core dump. Minidumps are not enabled by default on client versions of Windows
#
# If you would like to submit a bug report, please visit:
#   http://bugreport.java.com/bugreport/crash.jsp
#

---------------  T H R E A D  ---------------

Current thread (0x0000000017267800):  VMThread [stack: 0x0000000018300000,0x0000000018400000] [id=5636]

siginfo: ExceptionCode=0xc000000d

Registers:
RAX=0x0000000000000000, RBX=0x0000000000b78010, RCX=0x0000000000000000, RDX=0x0000000000000000
RSP=0x00000000183fea40, RBP=0x0000000000000000, RSI=0x000000001b098ec0, RDI=0x000000001b098d90
R8 =0x0000000000000000, R9 =0x0000000000000000, R10=0x0000000000000000, R11=0x0000000000000000
R12=0x0000000000000000, R13=0x00000000ffffffff, R14=0x000000001b0d0240, R15=0x000000001b098ec0
RIP=0x00007ffa7190e5bc, EFLAGS=0x0000000000000206

Top of Stack: (sp=0x00000000183fea40)
0x00000000183fea40:   0000000000000057 0000000000b78010
0x00000000183fea50:   000000001b098ec0 000000001b098d90
0x00000000183fea60:   00000000c000000d 0000000000000000
0x00000000183fea70:   00007ffa7190e5bc 0000000000000000
0x00000000183fea80:   0000000000000000 0000000000000000
0x00000000183fea90:   0000000000000000 0000000000000000
0x00000000183feaa0:   0000000000000000 0000000000000000
0x00000000183feab0:   0000000000000000 0000000000000000
0x00000000183feac0:   0000000000000000 0000000000000000
0x00000000183fead0:   0000000000000000 0000000000000000
0x00000000183feae0:   0000000000000000 0000000000000000
0x00000000183feaf0:   0000000000000000 00007ffa7184c468
0x00000000183feb00:   000038795ae0ef5c 0000000000000000
0x00000000183feb10:   000038795ae0ef8c 00007ffa718d09fb
0x00000000183feb20:   0000000000000001 00007ffa5869e8db
0x00000000183feb30:   0000000000b4c0c0 00000000183fec40 

Instructions: (pc=0x00007ffa7190e5bc)
0x00007ffa7190e59c:   d1 fa ff c7 44 24 20 0d 00 00 c0 b9 57 00 00 00
0x00007ffa7190e5ac:   e8 cf 0f f6 ff 90 48 8d 4c 24 20 e8 54 bb f4 ff
0x00007ffa7190e5bc:   eb 00 48 8b 8c 24 c0 00 00 00 48 33 cc e8 82 70
0x00007ffa7190e5cc:   f9 ff 48 81 c4 d8 00 00 00 c3 40 55 48 83 ec 20 


Register to memory mapping:

RAX=0x0000000000000000 is an unknown value
RBX=0x0000000000b78010 is an unknown value
RCX=0x0000000000000000 is an unknown value
RDX=0x0000000000000000 is an unknown value
RSP=0x00000000183fea40 is an unknown value
RBP=0x0000000000000000 is an unknown value
RSI=0x000000001b098ec0 is an unknown value
RDI=0x000000001b098d90 is an unknown value
R8 =0x0000000000000000 is an unknown value
R9 =0x0000000000000000 is an unknown value
R10=0x0000000000000000 is an unknown value
R11=0x0000000000000000 is an unknown value
R12=0x0000000000000000 is an unknown value
R13=0x00000000ffffffff is an unallocated location in the heap
R14=0x000000001b0d0240 is an unknown value
R15=0x000000001b098ec0 is an unknown value


Stack: [0x0000000018300000,0x0000000018400000],  sp=0x00000000183fea40,  free space=1018k
Native frames: (J=compiled Java code, j=interpreted, Vv=VM code, C=native code)

VM_Operation (0x000000001aa4d170): Exit, mode: safepoint, requested by thread 0x00000000190d7800


---------------  P R O C E S S  ---------------

Java Threads: ( => current thread )
  0x000000001a253800 JavaThread "Thread-2" daemon [_thread_in_native, id=13548, stack(0x0000000020a30000,0x0000000020b30000)]
  0x0000000002671000 JavaThread "DestroyJavaVM" [_thread_blocked, id=8640, stack(0x0000000002500000,0x0000000002600000)]
  0x00000000190d7800 JavaThread "AWT-EventQueue-0" [_thread_blocked, id=8432, stack(0x000000001a950000,0x000000001aa50000)]
  0x000000001907a000 JavaThread "AWT-Shutdown" [_thread_blocked, id=13224, stack(0x0000000019620000,0x0000000019720000)]
  0x0000000019079800 JavaThread "Java2D Disposer" daemon [_thread_blocked, id=9436, stack(0x0000000019520000,0x0000000019620000)]
  0x0000000018d20800 JavaThread "Service Thread" daemon [_thread_blocked, id=13948, stack(0x00000000190f0000,0x00000000191f0000)]
  0x00000000172a3800 JavaThread "C1 CompilerThread2" daemon [_thread_blocked, id=12220, stack(0x0000000018bf0000,0x0000000018cf0000)]
  0x00000000172a0800 JavaThread "C2 CompilerThread1" daemon [_thread_blocked, id=5932, stack(0x0000000018af0000,0x0000000018bf0000)]
  0x000000001729a800 JavaThread "C2 CompilerThread0" daemon [_thread_blocked, id=1436, stack(0x00000000189f0000,0x0000000018af0000)]
  0x0000000017299000 JavaThread "Attach Listener" daemon [_thread_blocked, id=1040, stack(0x00000000188f0000,0x00000000189f0000)]
  0x0000000002766000 JavaThread "Finalizer" daemon [_thread_blocked, id=2812, stack(0x0000000018500000,0x0000000018600000)]
  0x000000000275d000 JavaThread "Reference Handler" daemon [_thread_blocked, id=12104, stack(0x0000000018400000,0x0000000018500000)]

Other Threads:
=>0x0000000017267800 VMThread [stack: 0x0000000018300000,0x0000000018400000] [id=5636]

VM state:at safepoint (shutting down)

VM Mutex/Monitor currently owned by a thread:  ([mutex/lock_event])
[0x0000000000d6c7b0] Threads_lock - owner thread: 0x0000000017267800

Heap:
 PSYoungGen      total 38400K, used 20260K [0x00000000d5f00000, 0x00000000d8980000, 0x0000000100000000)
  eden space 33280K, 60% used [0x00000000d5f00000,0x00000000d72c9378,0x00000000d7f80000)
  from space 5120K, 0% used [0x00000000d8480000,0x00000000d8480000,0x00000000d8980000)
  to   space 5120K, 0% used [0x00000000d7f80000,0x00000000d7f80000,0x00000000d8480000)
 ParOldGen       total 87552K, used 0K [0x0000000081c00000, 0x0000000087180000, 0x00000000d5f00000)
  object space 87552K, 0% used [0x0000000081c00000,0x0000000081c00000,0x0000000087180000)
 Metaspace       used 12328K, capacity 12556K, committed 12672K, reserved 1060864K
  class space    used 1538K, capacity 1604K, committed 1664K, reserved 1048576K

Card table byte_map: [0x0000000011b30000,0x0000000011f30000] byte_map_base: 0x0000000011722000

Marking Bits: (ParMarkBitMap*) 0x000000005502a5b0
 Begin Bits: [0x00000000125e0000, 0x0000000014570000)
 End Bits:   [0x0000000014570000, 0x0000000016500000)

Polling page: 0x0000000000d20000

CodeCache: size=245760Kb used=2333Kb max_used=2335Kb free=243426Kb
 bounds [0x0000000002770000, 0x00000000029e0000, 0x0000000011770000]
 total_blobs=1196 nmethods=594 adapters=515
 compilation: enabled

Compilation events (10 events):
Event: 15.873 Thread 0x00000000172a3800  590       3       java.util.IdentityHashMap::maskNull (12 bytes)
Event: 15.873 Thread 0x00000000172a3800 nmethod 590 0x00000000029b9f90 code [0x00000000029ba0e0, 0x00000000029ba270]
Event: 15.873 Thread 0x00000000172a3800  591       3       java.util.IdentityHashMap::hash (18 bytes)
Event: 15.874 Thread 0x00000000172a3800 nmethod 591 0x00000000029b9c10 code [0x00000000029b9d80, 0x00000000029b9f08]
Event: 15.884 Thread 0x00000000172a3800  592       3       java.awt.event.InputEvent::getModifiers (8 bytes)
Event: 15.885 Thread 0x00000000172a3800 nmethod 592 0x00000000029b9910 code [0x00000000029b9a60, 0x00000000029b9bb0]
Event: 15.964 Thread 0x00000000172a3800  593       3       java.util.IdentityHashMap::get (60 bytes)
Event: 15.965 Thread 0x00000000172a3800 nmethod 593 0x00000000029b9090 code [0x00000000029b9240, 0x00000000029b96e8]
Event: 16.174 Thread 0x00000000172a3800  594       3       java.nio.ByteBuffer::arrayOffset (35 bytes)
Event: 16.175 Thread 0x00000000172a3800 nmethod 594 0x00000000029b8a90 code [0x00000000029b8c20, 0x00000000029b8f38]

GC Heap History (0 events):
No events

Deoptimization events (6 events):
Event: 0.219 Thread 0x0000000002671000 Uncommon trap: reason=null_check action=make_not_entrant pc=0x00000000028db29c method=java.lang.String.equals(Ljava/lang/Object;)Z @ 8
Event: 6.016 Thread 0x000000001a253800 Uncommon trap: reason=class_check action=maybe_recompile pc=0x0000000002976180 method=java.util.HashMap.putVal(ILjava/lang/Object;Ljava/lang/Object;ZZ)Ljava/lang/Object; @ 253
Event: 6.016 Thread 0x000000001a253800 Uncommon trap: reason=class_check action=maybe_recompile pc=0x0000000002976180 method=java.util.HashMap.putVal(ILjava/lang/Object;Ljava/lang/Object;ZZ)Ljava/lang/Object; @ 253
Event: 6.016 Thread 0x000000001a253800 Uncommon trap: reason=class_check action=maybe_recompile pc=0x0000000002976180 method=java.util.HashMap.putVal(ILjava/lang/Object;Ljava/lang/Object;ZZ)Ljava/lang/Object; @ 253
Event: 6.016 Thread 0x000000001a253800 Uncommon trap: reason=class_check action=maybe_recompile pc=0x0000000002976180 method=java.util.HashMap.putVal(ILjava/lang/Object;Ljava/lang/Object;ZZ)Ljava/lang/Object; @ 253
Event: 6.016 Thread 0x000000001a253800 Uncommon trap: reason=class_check action=maybe_recompile pc=0x0000000002969530 method=java.util.HashMap.putVal(ILjava/lang/Object;Ljava/lang/Object;ZZ)Ljava/lang/Object; @ 253

Internal exceptions (10 events):
Event: 0.261 Thread 0x0000000002671000 Exception <a 'java/lang/ClassNotFoundException': ToolBar> (0x00000000d63f7a98) thrown at [C:\re\workspace\8-2-build-windows-amd64-cygwin\jdk8u66\4988\hotspot\src\share\vm\classfile\systemDictionary.cpp, line 210]
Event: 0.261 Thread 0x0000000002671000 Exception <a 'java/lang/ClassNotFoundException': ToggleButton> (0x00000000d63f8048) thrown at [C:\re\workspace\8-2-build-windows-amd64-cygwin\jdk8u66\4988\hotspot\src\share\vm\classfile\systemDictionary.cpp, line 210]
Event: 0.261 Thread 0x0000000002671000 Exception <a 'java/lang/ClassNotFoundException': javax/swing/JToolBarSeparator> (0x00000000d63f84a8) thrown at [C:\re\workspace\8-2-build-windows-amd64-cygwin\jdk8u66\4988\hotspot\src\share\vm\classfile\systemDictionary.cpp, line 210]
Event: 0.261 Thread 0x0000000002671000 Exception <a 'java/lang/ClassNotFoundException': ToolBarSeparator> (0x00000000d63f8940) thrown at [C:\re\workspace\8-2-build-windows-amd64-cygwin\jdk8u66\4988\hotspot\src\share\vm\classfile\systemDictionary.cpp, line 210]
Event: 0.261 Thread 0x0000000002671000 Exception <a 'java/lang/ClassNotFoundException': ToolTip> (0x00000000d63f9080) thrown at [C:\re\workspace\8-2-build-windows-amd64-cygwin\jdk8u66\4988\hotspot\src\share\vm\classfile\systemDictionary.cpp, line 210]
Event: 0.262 Thread 0x0000000002671000 Exception <a 'java/lang/ClassNotFoundException': Tree> (0x00000000d63f9ca0) thrown at [C:\re\workspace\8-2-build-windows-amd64-cygwin\jdk8u66\4988\hotspot\src\share\vm\classfile\systemDictionary.cpp, line 210]
Event: 0.262 Thread 0x0000000002671000 Exception <a 'java/lang/ClassNotFoundException': Tree> (0x00000000d63fa3e0) thrown at [C:\re\workspace\8-2-build-windows-amd64-cygwin\jdk8u66\4988\hotspot\src\share\vm\classfile\systemDictionary.cpp, line 210]
Event: 0.262 Thread 0x0000000002671000 Exception <a 'java/lang/ClassNotFoundException': javax/swing/JTreeCell> (0x00000000d63fa760) thrown at [C:\re\workspace\8-2-build-windows-amd64-cygwin\jdk8u66\4988\hotspot\src\share\vm\classfile\systemDictionary.cpp, line 210]
Event: 0.262 Thread 0x0000000002671000 Exception <a 'java/lang/ClassNotFoundException': TreeCell> (0x00000000d63fabe8) thrown at [C:\re\workspace\8-2-build-windows-amd64-cygwin\jdk8u66\4988\hotspot\src\share\vm\classfile\systemDictionary.cpp, line 210]
Event: 0.262 Thread 0x0000000002671000 Exception <a 'java/lang/ClassNotFoundException': RootPane> (0x00000000d63fb648) thrown at [C:\re\workspace\8-2-build-windows-amd64-cygwin\jdk8u66\4988\hotspot\src\share\vm\classfile\systemDictionary.cpp, line 210]

Events (10 events):
Event: 16.969 loading class java/util/WeakHashMap$KeyIterator
Event: 16.969 Thread 0x0000000018e92800 Thread exited: 0x0000000018e92800
Event: 16.969 loading class java/util/WeakHashMap$HashIterator
Event: 16.969 loading class java/util/WeakHashMap$HashIterator done
Event: 16.969 loading class java/util/WeakHashMap$KeyIterator done
Event: 16.969 Thread 0x0000000018e8f000 Thread exited: 0x0000000018e8f000
Event: 17.014 Thread 0x00000000190cc800 Thread exited: 0x00000000190cc800
Event: 17.070 Thread 0x0000000018e92000 Thread exited: 0x0000000018e92000
Event: 17.070 Thread 0x0000000017297800 Thread exited: 0x0000000017297800
Event: 17.070 Executing VM operation: Exit


Dynamic libraries:
0x00007ff630900000 - 0x00007ff630937000 	C:\Program Files\Java\jdk1.8.0_66\bin\java.exe
0x00007ffa71810000 - 0x00007ffa719e1000 	C:\WINDOWS\SYSTEM32\ntdll.dll
0x00007ffa6ef10000 - 0x00007ffa6efbb000 	C:\WINDOWS\System32\KERNEL32.DLL
0x00007ffa6e7e0000 - 0x00007ffa6e9fd000 	C:\WINDOWS\System32\KERNELBASE.dll
0x00007ffa70c80000 - 0x00007ffa70d22000 	C:\WINDOWS\System32\ADVAPI32.dll
0x00007ffa71480000 - 0x00007ffa7151e000 	C:\WINDOWS\System32\msvcrt.dll
0x00007ffa6f670000 - 0x00007ffa6f6c9000 	C:\WINDOWS\System32\sechost.dll
0x00007ffa70da0000 - 0x00007ffa70ec1000 	C:\WINDOWS\System32\RPCRT4.dll
0x00007ffa6eda0000 - 0x00007ffa6ef05000 	C:\WINDOWS\System32\USER32.dll
0x00007ffa6ea00000 - 0x00007ffa6ea1e000 	C:\WINDOWS\System32\win32u.dll
0x00007ffa6f400000 - 0x00007ffa6f434000 	C:\WINDOWS\System32\GDI32.dll
0x00007ffa6e500000 - 0x00007ffa6e682000 	C:\WINDOWS\System32\gdi32full.dll
0x00007ffa63f10000 - 0x00007ffa64189000 	C:\WINDOWS\WinSxS\amd64_microsoft.windows.common-controls_6595b64144ccf1df_6.0.14393.0_none_2d0f50fcbdb171b8\COMCTL32.dll
0x00007ffa71520000 - 0x00007ffa717e7000 	C:\WINDOWS\System32\combase.dll
0x00007ffa6ea20000 - 0x00007ffa6eb15000 	C:\WINDOWS\System32\ucrtbase.dll
0x00007ffa6dd00000 - 0x00007ffa6dd6a000 	C:\WINDOWS\System32\bcryptPrimitives.dll
0x00007ffa6f440000 - 0x00007ffa6f46e000 	C:\WINDOWS\System32\IMM32.DLL
0x0000000054740000 - 0x0000000054812000 	C:\Program Files\Java\jdk1.8.0_66\jre\bin\msvcr100.dll
0x0000000054820000 - 0x00000000550a9000 	C:\Program Files\Java\jdk1.8.0_66\jre\bin\server\jvm.dll
0x00007ffa710a0000 - 0x00007ffa710a8000 	C:\WINDOWS\System32\PSAPI.DLL
0x00007ffa5ede0000 - 0x00007ffa5ede9000 	C:\WINDOWS\SYSTEM32\WSOCK32.dll
0x00007ffa70d30000 - 0x00007ffa70d9a000 	C:\WINDOWS\System32\WS2_32.dll
0x00007ffa6c170000 - 0x00007ffa6c193000 	C:\WINDOWS\SYSTEM32\WINMM.dll
0x00007ffa63ef0000 - 0x00007ffa63efa000 	C:\WINDOWS\SYSTEM32\VERSION.dll
0x00007ffa6bfc0000 - 0x00007ffa6bfeb000 	C:\WINDOWS\SYSTEM32\WINMMBASE.dll
0x00007ffa6e450000 - 0x00007ffa6e492000 	C:\WINDOWS\System32\cfgmgr32.dll
0x00000000546f0000 - 0x00000000546ff000 	C:\Program Files\Java\jdk1.8.0_66\jre\bin\verify.dll
0x00000000546c0000 - 0x00000000546e9000 	C:\Program Files\Java\jdk1.8.0_66\jre\bin\java.dll
0x00000000546a0000 - 0x00000000546b6000 	C:\Program Files\Java\jdk1.8.0_66\jre\bin\zip.dll
0x00007ffa6f6d0000 - 0x00007ffa70bd8000 	C:\WINDOWS\System32\SHELL32.dll
0x00007ffa6dd70000 - 0x00007ffa6e44a000 	C:\WINDOWS\System32\windows.storage.dll
0x00007ffa6dca0000 - 0x00007ffa6dcec000 	C:\WINDOWS\System32\powrprof.dll
0x00007ffa712e0000 - 0x00007ffa71332000 	C:\WINDOWS\System32\shlwapi.dll
0x00007ffa6dc90000 - 0x00007ffa6dc9f000 	C:\WINDOWS\System32\kernel.appcore.dll
0x00007ffa6ecf0000 - 0x00007ffa6ed99000 	C:\WINDOWS\System32\shcore.dll
0x00007ffa6dc70000 - 0x00007ffa6dc84000 	C:\WINDOWS\System32\profapi.dll
0x00000000544c0000 - 0x0000000054658000 	C:\Program Files\Java\jdk1.8.0_66\jre\bin\awt.dll
0x00007ffa71120000 - 0x00007ffa711df000 	C:\WINDOWS\System32\OLEAUT32.dll
0x00007ffa6e740000 - 0x00007ffa6e7dc000 	C:\WINDOWS\System32\msvcp_win.dll
0x00007ffa6c260000 - 0x00007ffa6c2da000 	C:\WINDOWS\SYSTEM32\apphelp.dll
0x00007ffa2caf0000 - 0x00007ffa2d493000 	C:\opencv\build\java\x64\opencv_java249.dll
0x00007ffa71340000 - 0x00007ffa71477000 	C:\WINDOWS\System32\ole32.dll
0x00007ffa5e260000 - 0x00007ffa5e289000 	C:\WINDOWS\SYSTEM32\MSVFW32.dll
0x00007ffa62810000 - 0x00007ffa62828000 	C:\WINDOWS\SYSTEM32\AVICAP32.dll
0x00007ffa5cc80000 - 0x00007ffa5cca0000 	C:\WINDOWS\SYSTEM32\AVIFIL32.dll
0x00007ffa67870000 - 0x00007ffa6788c000 	C:\WINDOWS\SYSTEM32\MSACM32.dll
0x00007ffa6c460000 - 0x00007ffa6c4f5000 	C:\WINDOWS\system32\uxtheme.dll
0x00007ffa70f30000 - 0x00007ffa7108b000 	C:\WINDOWS\System32\MSCTF.dll
0x00007ffa5a440000 - 0x00007ffa5a4d8000 	C:\Program Files\Common Files\microsoft shared\ink\tiptsf.dll
0x00007ffa6b920000 - 0x00007ffa6b946000 	C:\WINDOWS\system32\dwmapi.dll
0x0000000054470000 - 0x00000000544b7000 	C:\Program Files\Java\jdk1.8.0_66\jre\bin\fontmanager.dll
0x0000000054680000 - 0x000000005469a000 	C:\Program Files\Java\jdk1.8.0_66\jre\bin\net.dll
0x00007ffa6d360000 - 0x00007ffa6d3bc000 	C:\WINDOWS\system32\mswsock.dll
0x0000000054660000 - 0x0000000054671000 	C:\Program Files\Java\jdk1.8.0_66\jre\bin\nio.dll
0x0000000054420000 - 0x0000000054462000 	C:\Program Files\Java\jdk1.8.0_66\jre\bin\t2k.dll
0x00007ffa70be0000 - 0x00007ffa70c7f000 	C:\WINDOWS\System32\clbcatq.dll
0x00007ffa57c90000 - 0x00007ffa57e3b000 	C:\Windows\System32\uiautomationcore.dll
0x00007ffa6d5c0000 - 0x00007ffa6d5df000 	C:\Windows\System32\USERENV.dll
0x00007ffa6dab0000 - 0x00007ffa6db48000 	C:\WINDOWS\SYSTEM32\sxs.dll
0x00007ffa62500000 - 0x00007ffa62565000 	C:\Windows\System32\OLEACC.dll
0x00007ffa66aa0000 - 0x00007ffa66b1d000 	C:\WINDOWS\SYSTEM32\twinapi.dll
0x00007ffa6c6a0000 - 0x00007ffa6c7bc000 	C:\WINDOWS\SYSTEM32\twinapi.appcore.dll
0x00007ffa6dbb0000 - 0x00007ffa6dbdb000 	C:\WINDOWS\SYSTEM32\bcrypt.dll
0x00000000543e0000 - 0x000000005440a000 	C:\Program Files\Java\jdk1.8.0_66\jre\bin\dcpr.dll
0x00007ffa5c670000 - 0x00007ffa5c688000 	C:\Windows\System32\devenum.dll
0x00007ffa6efd0000 - 0x00007ffa6f3f9000 	C:\WINDOWS\System32\setupapi.dll
0x00007ffa6d020000 - 0x00007ffa6d052000 	C:\WINDOWS\SYSTEM32\ntmarta.dll
0x00007ffa6c7f0000 - 0x00007ffa6c818000 	C:\WINDOWS\SYSTEM32\DEVOBJ.dll
0x00007ffa6e4a0000 - 0x00007ffa6e4f5000 	C:\WINDOWS\System32\WINTRUST.dll
0x00007ffa6dcf0000 - 0x00007ffa6dd00000 	C:\WINDOWS\System32\MSASN1.dll
0x00007ffa6eb20000 - 0x00007ffa6ece8000 	C:\WINDOWS\System32\CRYPT32.dll
0x00007ffa69930000 - 0x00007ffa6993a000 	C:\WINDOWS\SYSTEM32\msdmo.dll
0x00007ffa5c630000 - 0x00007ffa5c663000 	C:\Windows\System32\qcap.dll
0x00007ffa42ad0000 - 0x00007ffa42c93000 	C:\Windows\System32\quartz.dll
0x00007ffa5bea0000 - 0x00007ffa5bee8000 	C:\Windows\System32\mfksproxy.dll
0x00007ffa6a3b0000 - 0x00007ffa6a3cc000 	C:\Windows\System32\ATL.DLL
0x00007ffa598c0000 - 0x00007ffa59a28000 	C:\Windows\System32\MFPlat.DLL
0x00007ffa61960000 - 0x00007ffa6198e000 	C:\Windows\System32\RTWorkQ.DLL
0x00007ffa49cd0000 - 0x00007ffa4a0bb000 	C:\Windows\System32\MFCORE.dll
0x00007ffa698d0000 - 0x00007ffa698d9000 	C:\Windows\System32\ksuser.dll
0x00007ffa6d6e0000 - 0x00007ffa6d6eb000 	C:\Windows\System32\CRYPTBASE.DLL
0x00007ffa58360000 - 0x00007ffa583b3000 	C:\Windows\System32\FSClient.dll
0x00007ffa5e2f0000 - 0x00007ffa5e33d000 	C:\Windows\System32\MFSENSORGROUP.dll
0x00007ffa6a620000 - 0x00007ffa6a62b000 	C:\Windows\System32\AVRT.dll
0x00007ffa699d0000 - 0x00007ffa699dd000 	C:\Windows\System32\vidcap.ax
0x00007ffa5bab0000 - 0x00007ffa5bad5000 	C:\Windows\System32\kswdmcap.ax
0x00007ffa48bd0000 - 0x00007ffa48d33000 	C:\Windows\System32\MFC42.dll
0x00007ffa51080000 - 0x00007ffa5112f000 	C:\Windows\System32\ODBC32.dll
0x00007ffa6d560000 - 0x00007ffa6d56a000 	C:\Windows\System32\DPAPI.dll
0x00007ffa65e30000 - 0x00007ffa65e73000 	C:\WINDOWS\SYSTEM32\policymanager.dll
0x00007ffa6c600000 - 0x00007ffa6c691000 	C:\Windows\System32\msvcp110_win.dll
0x00007ffa58680000 - 0x00007ffa58754000 	C:\Windows\System32\MFReadWrite.dll
0x00007ffa4ca20000 - 0x00007ffa4cac3000 	C:\Windows\System32\qedit.dll
0x00007ffa711e0000 - 0x00007ffa712da000 	C:\WINDOWS\System32\COMDLG32.dll
0x00007ffa625e0000 - 0x00007ffa62779000 	C:\WINDOWS\WinSxS\amd64_microsoft.windows.gdiplus_6595b64144ccf1df_1.1.14393.187_none_730402f52114ff50\gdiplus.dll
0x00007ffa53710000 - 0x00007ffa53807000 	C:\Windows\System32\DDRAW.dll
0x00007ffa69d40000 - 0x00007ffa69d48000 	C:\Windows\System32\DCIMAN32.dll
0x00007ffa2c680000 - 0x00007ffa2c87e000 	C:\Program Files (x86)\K-Lite Codec Pack\Filters\DirectVobSub64\vsfilter.dll
0x00007ffa5ce40000 - 0x00007ffa5d0ca000 	C:\WINDOWS\SYSTEM32\WININET.dll
0x00007ffa67dd0000 - 0x00007ffa67e55000 	C:\WINDOWS\SYSTEM32\WINSPOOL.DRV
0x00007ffa699a0000 - 0x00007ffa699ac000 	C:\WINDOWS\SYSTEM32\msyuv.dll
0x00007ffa6d150000 - 0x00007ffa6d1f0000 	C:\WINDOWS\SYSTEM32\DNSAPI.dll
0x00007ffa71090000 - 0x00007ffa71098000 	C:\WINDOWS\System32\NSI.dll
0x00007ffa6d110000 - 0x00007ffa6d148000 	C:\WINDOWS\SYSTEM32\IPHLPAPI.DLL
0x00007ffa6a9f0000 - 0x00007ffa6a9fa000 	C:\Windows\System32\rasadhlp.dll
0x00007ffa646a0000 - 0x00007ffa6470a000 	C:\WINDOWS\System32\fwpuclnt.dll
0x00007ffa6d6f0000 - 0x00007ffa6d707000 	C:\WINDOWS\SYSTEM32\CRYPTSP.dll
0x00007ffa6d520000 - 0x00007ffa6d553000 	C:\WINDOWS\system32\rsaenh.dll
0x00007ffa69050000 - 0x00007ffa69066000 	C:\WINDOWS\SYSTEM32\dhcpcsvc6.DLL
0x00007ffa69120000 - 0x00007ffa6913a000 	C:\WINDOWS\SYSTEM32\dhcpcsvc.DLL
0x00007ffa68c40000 - 0x00007ffa68dd2000 	C:\WINDOWS\SYSTEM32\dbghelp.dll

VM Arguments:
jvm_args: -Dfile.encoding=UTF-8 -Djava.library.path=C:\opencv\build\java\x64 
java_command: gui.CarDetection
java_class_path (initial): C:\opencv\build\java\opencv-249.jar;C:\Users\MarcosVinicius\Documents\NetBeansProjects\DetectorDeFace\mysql-connector-java-5.1.39-bin.jar;C:\Users\MarcosVinicius\Documents\NetBeansProjects\DetectorDeFace\build\classes
Launcher Type: SUN_STANDARD

Environment Variables:
PATH=C:\ProgramData\Oracle\Java\javapath;C:\Program Files (x86)\NVIDIA Corporation\PhysX\Common;C:\Program Files (x86)\Intel\iCLS Client\;C:\Program Files\Intel\iCLS Client\;C:\WINDOWS\system32;C:\WINDOWS;C:\WINDOWS\System32\Wbem;C:\WINDOWS\System32\WindowsPowerShell\v1.0\;C:\Program Files\Intel\Intel(R) Management Engine Components\DAL;C:\Program Files\Intel\Intel(R) Management Engine Components\IPT;C:\Program Files (x86)\Intel\Intel(R) Management Engine Components\DAL;C:\Program Files (x86)\Intel\Intel(R) Management Engine Components\IPT;C:\Program Files\Intel\WiFi\bin\;C:\Program Files\Common Files\Intel\WirelessCommon\;C:\Program Files\Microsoft\Web Platform Installer\;C:\Program Files (x86)\Microsoft ASP.NET\ASP.NET Web Pages\v1.0\;C:\Program Files\Microsoft SQL Server\110\Tools\Binn\;C:\WINDOWS\system32\config\systemprofile\.dnx\bin;C:\Program Files\Microsoft DNX\Dnvm\;C:\Program Files (x86)\Windows Kits\8.1\Windows Performance Toolkit\;C:\Program Files (x86)\Skype\Phone\;C:\Program Files\Microsoft SQL Server\120\Tools\Binn\;C:\Program Files\Microsoft SQL Server\130\Tools\Binn\;C:\Program Files\nodejs\;C:\Program Files (x86)\MySQL\MySQL Fabric 1.5 & MySQL Utilities 1.5\;C:\Program Files (x86)\MySQL\MySQL Fabric 1.5 & MySQL Utilities 1.5\Doctrine extensions for PHP\;C:\Users\MarcosVinicius\AppData\Roaming\npm;%USERPROFILE%\AppData\Local\Microsoft\WindowsApps;
USERNAME=MarcosVinicius
OS=Windows_NT
PROCESSOR_IDENTIFIER=Intel64 Family 6 Model 69 Stepping 1, GenuineIntel



---------------  S Y S T E M  ---------------

OS: Windows 10.0 , 64 bit Build 14393 (10.0.14393.0)

CPU:total 4 (2 cores per cpu, 2 threads per core) family 6 model 69 stepping 1, cmov, cx8, fxsr, mmx, sse, sse2, sse3, ssse3, sse4.1, sse4.2, popcnt, avx, avx2, aes, clmul, erms, lzcnt, ht, tsc, tscinvbit, bmi1, bmi2

Memory: 4k page, physical 8268904k(3457056k free), swap 10234984k(2776884k free)

vm_info: Java HotSpot(TM) 64-Bit Server VM (25.66-b17) for windows-amd64 JRE (1.8.0_66-b17), built on Oct  6 2015 18:55:33 by "java_re" with MS VC++ 10.0 (VS2010)

time: Sun Oct 09 21:24:37 2016
elapsed time: 18 seconds (0d 0h 0m 18s)

