#
# A fatal error has been detected by the Java Runtime Environment:
#
#  Internal Error (0xc000000d), pid=10432, tid=8752
#
# JRE version: Java(TM) SE Runtime Environment (8.0_66-b17) (build 1.8.0_66-b17)
# Java VM: Java HotSpot(TM) 64-Bit Server VM (25.66-b17 mixed mode windows-amd64 compressed oops)
# Problematic frame:
# C  [ntdll.dll+0xfe5ac]
#
# Failed to write core dump. Minidumps are not enabled by default on client versions of Windows
#
# If you would like to submit a bug report, please visit:
#   http://bugreport.java.com/bugreport/crash.jsp
#

---------------  T H R E A D  ---------------

Current thread (0x00000000176d7800):  VMThread [stack: 0x0000000018760000,0x0000000018860000] [id=8752]

siginfo: ExceptionCode=0xc000000d

Registers:
RAX=0x0000000000000000, RBX=0x0000000000e48220, RCX=0x0000000000000000, RDX=0x0000000000000000
RSP=0x000000001885e8a0, RBP=0x0000000000000000, RSI=0x000000001c049bc0, RDI=0x000000001c050190
R8 =0x0000000000000000, R9 =0x0000000000000000, R10=0x0000000000000000, R11=0x0000000000000000
R12=0x0000000000000000, R13=0x00000000ffffffff, R14=0x000000001c035e70, R15=0x000000001c049bc0
RIP=0x00007ffa5898e5ac, EFLAGS=0x0000000000000206

Top of Stack: (sp=0x000000001885e8a0)
0x000000001885e8a0:   0000000000000057 0000000000e48220
0x000000001885e8b0:   000000001c049bc0 000000001c050190
0x000000001885e8c0:   00000000c000000d 0000000000000000
0x000000001885e8d0:   00007ffa5898e5ac 0000000000000000
0x000000001885e8e0:   0000000000000000 0000000000000000
0x000000001885e8f0:   0000000000000000 0000000000000000
0x000000001885e900:   0000000000000000 0000000000000000
0x000000001885e910:   0000000000000000 0000000000000000
0x000000001885e920:   0000000000000000 0000000000000000
0x000000001885e930:   0000000000000000 0000000000000000
0x000000001885e940:   0000000000000000 0000000000000000
0x000000001885e950:   0000000000000000 00007ffa588cc468
0x000000001885e960:   0000d4e2f5bbb1d3 0000000000000000
0x000000001885e970:   0000d4e2f5bbb183 00007ffa589509fb
0x000000001885e980:   0000000000000001 00007ffa3f1fe8db
0x000000001885e990:   0000000000d62ad0 000000001885eaa0 

Instructions: (pc=0x00007ffa5898e5ac)
0x00007ffa5898e58c:   d1 fa ff c7 44 24 20 0d 00 00 c0 b9 57 00 00 00
0x00007ffa5898e59c:   e8 df 0f f6 ff 90 48 8d 4c 24 20 e8 64 bb f4 ff
0x00007ffa5898e5ac:   eb 00 48 8b 8c 24 c0 00 00 00 48 33 cc e8 92 70
0x00007ffa5898e5bc:   f9 ff 48 81 c4 d8 00 00 00 c3 40 55 48 83 ec 20 


Register to memory mapping:

RAX=0x0000000000000000 is an unknown value
RBX=0x0000000000e48220 is an unknown value
RCX=0x0000000000000000 is an unknown value
RDX=0x0000000000000000 is an unknown value
RSP=0x000000001885e8a0 is an unknown value
RBP=0x0000000000000000 is an unknown value
RSI=0x000000001c049bc0 is an unknown value
RDI=0x000000001c050190 is an unknown value
R8 =0x0000000000000000 is an unknown value
R9 =0x0000000000000000 is an unknown value
R10=0x0000000000000000 is an unknown value
R11=0x0000000000000000 is an unknown value
R12=0x0000000000000000 is an unknown value
R13=0x00000000ffffffff is an unallocated location in the heap
R14=0x000000001c035e70 is an unknown value
R15=0x000000001c049bc0 is an unknown value


Stack: [0x0000000018760000,0x0000000018860000],  sp=0x000000001885e8a0,  free space=1018k
Native frames: (J=compiled Java code, j=interpreted, Vv=VM code, C=native code)

VM_Operation (0x000000001b9bd1d0): Exit, mode: safepoint, requested by thread 0x000000001942b000


---------------  P R O C E S S  ---------------

Java Threads: ( => current thread )
  0x0000000019d3a000 JavaThread "Thread-2" daemon [_thread_blocked, id=7240, stack(0x0000000021b80000,0x0000000021c80000)]
  0x0000000002ae1000 JavaThread "DestroyJavaVM" [_thread_blocked, id=316, stack(0x00000000029b0000,0x0000000002ab0000)]
  0x000000001942b000 JavaThread "AWT-EventQueue-0" [_thread_blocked, id=5304, stack(0x000000001b8c0000,0x000000001b9c0000)]
  0x00000000193db000 JavaThread "AWT-Shutdown" [_thread_blocked, id=2712, stack(0x000000001a4d0000,0x000000001a5d0000)]
  0x00000000193e2800 JavaThread "Java2D Disposer" daemon [_thread_blocked, id=8596, stack(0x000000001a3d0000,0x000000001a4d0000)]
  0x0000000019056000 JavaThread "Service Thread" daemon [_thread_blocked, id=9428, stack(0x0000000019450000,0x0000000019550000)]
  0x000000001776a800 JavaThread "C1 CompilerThread2" daemon [_thread_blocked, id=8452, stack(0x0000000018f50000,0x0000000019050000)]
  0x000000001770d000 JavaThread "C2 CompilerThread1" daemon [_thread_blocked, id=5608, stack(0x0000000018e50000,0x0000000018f50000)]
  0x0000000017709000 JavaThread "C2 CompilerThread0" daemon [_thread_blocked, id=4020, stack(0x0000000018d50000,0x0000000018e50000)]
  0x0000000017708000 JavaThread "Attach Listener" daemon [_thread_blocked, id=6960, stack(0x0000000018c50000,0x0000000018d50000)]
  0x000000001771d800 JavaThread "Signal Dispatcher" daemon [_thread_blocked, id=8276, stack(0x0000000018b50000,0x0000000018c50000)]
  0x0000000002bd0800 JavaThread "Finalizer" daemon [_thread_blocked, id=6400, stack(0x0000000018960000,0x0000000018a60000)]
  0x0000000002bcd000 JavaThread "Reference Handler" daemon [_thread_blocked, id=10916, stack(0x0000000018860000,0x0000000018960000)]

Other Threads:
=>0x00000000176d7800 VMThread [stack: 0x0000000018760000,0x0000000018860000] [id=8752]

VM state:at safepoint (shutting down)

VM Mutex/Monitor currently owned by a thread:  ([mutex/lock_event])
[0x0000000002adcd30] Threads_lock - owner thread: 0x00000000176d7800

Heap:
 PSYoungGen      total 38400K, used 29297K [0x00000000d5f00000, 0x00000000d8980000, 0x0000000100000000)
  eden space 33280K, 72% used [0x00000000d5f00000,0x00000000d769d9c0,0x00000000d7f80000)
  from space 5120K, 99% used [0x00000000d7f80000,0x00000000d847ee38,0x00000000d8480000)
  to   space 5120K, 0% used [0x00000000d8480000,0x00000000d8480000,0x00000000d8980000)
 ParOldGen       total 87552K, used 2732K [0x0000000081c00000, 0x0000000087180000, 0x00000000d5f00000)
  object space 87552K, 3% used [0x0000000081c00000,0x0000000081eab038,0x0000000087180000)
 Metaspace       used 12267K, capacity 12492K, committed 12672K, reserved 1060864K
  class space    used 1525K, capacity 1604K, committed 1664K, reserved 1048576K

Card table byte_map: [0x0000000011fa0000,0x00000000123a0000] byte_map_base: 0x0000000011b92000

Marking Bits: (ParMarkBitMap*) 0x0000000077f7a5b0
 Begin Bits: [0x0000000012a50000, 0x00000000149e0000)
 End Bits:   [0x00000000149e0000, 0x0000000016970000)

Polling page: 0x00000000028b0000

CodeCache: size=245760Kb used=2405Kb max_used=2405Kb free=243354Kb
 bounds [0x0000000002be0000, 0x0000000002e50000, 0x0000000011be0000]
 total_blobs=1231 nmethods=630 adapters=514
 compilation: enabled

Compilation events (10 events):
Event: 22.871 Thread 0x000000001776a800  626       3       java.awt.Point::<init> (15 bytes)
Event: 22.872 Thread 0x000000001776a800 nmethod 626 0x0000000002e38d50 code [0x0000000002e38ec0, 0x0000000002e390d0]
Event: 22.884 Thread 0x000000001776a800  627       3       sun.awt.EventQueueItem::<init> (10 bytes)
Event: 22.884 Thread 0x000000001776a800 nmethod 627 0x0000000002e391d0 code [0x0000000002e39320, 0x0000000002e394f0]
Event: 23.227 Thread 0x000000001776a800  628       3       java.lang.Integer::parseInt (7 bytes)
Event: 23.228 Thread 0x000000001776a800 nmethod 628 0x0000000002e39590 code [0x0000000002e39700, 0x0000000002e39868]
Event: 23.279 Thread 0x000000001776a800  629       1       java.awt.image.Raster::getDataBuffer (5 bytes)
Event: 23.280 Thread 0x000000001776a800 nmethod 629 0x0000000002e39910 code [0x0000000002e39a60, 0x0000000002e39b70]
Event: 23.287 Thread 0x000000001776a800  630       3       java.awt.Component::getFont_NoClientCode (29 bytes)
Event: 23.288 Thread 0x000000001776a800 nmethod 630 0x0000000002e39bd0 code [0x0000000002e39d60, 0x0000000002e3a188]

GC Heap History (2 events):
Event: 15.388 GC heap before
{Heap before GC invocations=1 (full 0):
 PSYoungGen      total 38400K, used 32438K [0x00000000d5f00000, 0x00000000d8980000, 0x0000000100000000)
  eden space 33280K, 97% used [0x00000000d5f00000,0x00000000d7ead898,0x00000000d7f80000)
  from space 5120K, 0% used [0x00000000d8480000,0x00000000d8480000,0x00000000d8980000)
  to   space 5120K, 0% used [0x00000000d7f80000,0x00000000d7f80000,0x00000000d8480000)
 ParOldGen       total 87552K, used 0K [0x0000000081c00000, 0x0000000087180000, 0x00000000d5f00000)
  object space 87552K, 0% used [0x0000000081c00000,0x0000000081c00000,0x0000000087180000)
 Metaspace       used 12226K, capacity 12428K, committed 12672K, reserved 1060864K
  class space    used 1524K, capacity 1604K, committed 1664K, reserved 1048576K
Event: 15.410 GC heap after
Heap after GC invocations=1 (full 0):
 PSYoungGen      total 38400K, used 5115K [0x00000000d5f00000, 0x00000000d8980000, 0x0000000100000000)
  eden space 33280K, 0% used [0x00000000d5f00000,0x00000000d5f00000,0x00000000d7f80000)
  from space 5120K, 99% used [0x00000000d7f80000,0x00000000d847ee38,0x00000000d8480000)
  to   space 5120K, 0% used [0x00000000d8480000,0x00000000d8480000,0x00000000d8980000)
 ParOldGen       total 87552K, used 2732K [0x0000000081c00000, 0x0000000087180000, 0x00000000d5f00000)
  object space 87552K, 3% used [0x0000000081c00000,0x0000000081eab038,0x0000000087180000)
 Metaspace       used 12226K, capacity 12428K, committed 12672K, reserved 1060864K
  class space    used 1524K, capacity 1604K, committed 1664K, reserved 1048576K
}

Deoptimization events (5 events):
Event: 6.230 Thread 0x0000000019d3a000 Uncommon trap: reason=class_check action=maybe_recompile pc=0x0000000002de70fc method=java.util.HashMap.putVal(ILjava/lang/Object;Ljava/lang/Object;ZZ)Ljava/lang/Object; @ 253
Event: 6.230 Thread 0x0000000019d3a000 Uncommon trap: reason=class_check action=maybe_recompile pc=0x0000000002de70fc method=java.util.HashMap.putVal(ILjava/lang/Object;Ljava/lang/Object;ZZ)Ljava/lang/Object; @ 253
Event: 6.230 Thread 0x0000000019d3a000 Uncommon trap: reason=class_check action=maybe_recompile pc=0x0000000002de70fc method=java.util.HashMap.putVal(ILjava/lang/Object;Ljava/lang/Object;ZZ)Ljava/lang/Object; @ 253
Event: 6.230 Thread 0x0000000019d3a000 Uncommon trap: reason=class_check action=maybe_recompile pc=0x0000000002de70fc method=java.util.HashMap.putVal(ILjava/lang/Object;Ljava/lang/Object;ZZ)Ljava/lang/Object; @ 253
Event: 6.230 Thread 0x0000000019d3a000 Uncommon trap: reason=class_check action=maybe_recompile pc=0x0000000002ddb26c method=java.util.HashMap.putVal(ILjava/lang/Object;Ljava/lang/Object;ZZ)Ljava/lang/Object; @ 253

Internal exceptions (10 events):
Event: 1.582 Thread 0x0000000002ae1000 Exception <a 'java/lang/ClassNotFoundException': ToolBar> (0x00000000d63f7b98) thrown at [C:\re\workspace\8-2-build-windows-amd64-cygwin\jdk8u66\4988\hotspot\src\share\vm\classfile\systemDictionary.cpp, line 210]
Event: 1.582 Thread 0x0000000002ae1000 Exception <a 'java/lang/ClassNotFoundException': ToggleButton> (0x00000000d63f8148) thrown at [C:\re\workspace\8-2-build-windows-amd64-cygwin\jdk8u66\4988\hotspot\src\share\vm\classfile\systemDictionary.cpp, line 210]
Event: 1.582 Thread 0x0000000002ae1000 Exception <a 'java/lang/ClassNotFoundException': javax/swing/JToolBarSeparator> (0x00000000d63f85a8) thrown at [C:\re\workspace\8-2-build-windows-amd64-cygwin\jdk8u66\4988\hotspot\src\share\vm\classfile\systemDictionary.cpp, line 210]
Event: 1.583 Thread 0x0000000002ae1000 Exception <a 'java/lang/ClassNotFoundException': ToolBarSeparator> (0x00000000d63f8a40) thrown at [C:\re\workspace\8-2-build-windows-amd64-cygwin\jdk8u66\4988\hotspot\src\share\vm\classfile\systemDictionary.cpp, line 210]
Event: 1.583 Thread 0x0000000002ae1000 Exception <a 'java/lang/ClassNotFoundException': ToolTip> (0x00000000d63f9180) thrown at [C:\re\workspace\8-2-build-windows-amd64-cygwin\jdk8u66\4988\hotspot\src\share\vm\classfile\systemDictionary.cpp, line 210]
Event: 1.588 Thread 0x0000000002ae1000 Exception <a 'java/lang/ClassNotFoundException': Tree> (0x00000000d63f9da0) thrown at [C:\re\workspace\8-2-build-windows-amd64-cygwin\jdk8u66\4988\hotspot\src\share\vm\classfile\systemDictionary.cpp, line 210]
Event: 1.588 Thread 0x0000000002ae1000 Exception <a 'java/lang/ClassNotFoundException': Tree> (0x00000000d63fa4e0) thrown at [C:\re\workspace\8-2-build-windows-amd64-cygwin\jdk8u66\4988\hotspot\src\share\vm\classfile\systemDictionary.cpp, line 210]
Event: 1.588 Thread 0x0000000002ae1000 Exception <a 'java/lang/ClassNotFoundException': javax/swing/JTreeCell> (0x00000000d63fa860) thrown at [C:\re\workspace\8-2-build-windows-amd64-cygwin\jdk8u66\4988\hotspot\src\share\vm\classfile\systemDictionary.cpp, line 210]
Event: 1.589 Thread 0x0000000002ae1000 Exception <a 'java/lang/ClassNotFoundException': TreeCell> (0x00000000d63face8) thrown at [C:\re\workspace\8-2-build-windows-amd64-cygwin\jdk8u66\4988\hotspot\src\share\vm\classfile\systemDictionary.cpp, line 210]
Event: 1.591 Thread 0x0000000002ae1000 Exception <a 'java/lang/ClassNotFoundException': RootPane> (0x00000000d63fb748) thrown at [C:\re\workspace\8-2-build-windows-amd64-cygwin\jdk8u66\4988\hotspot\src\share\vm\classfile\systemDictionary.cpp, line 210]

Events (10 events):
Event: 23.579 Executing VM operation: RevokeBias
Event: 23.579 Executing VM operation: RevokeBias done
Event: 23.579 loading class java/util/WeakHashMap$KeyIterator
Event: 23.580 loading class java/util/WeakHashMap$HashIterator
Event: 23.580 loading class java/util/WeakHashMap$HashIterator done
Event: 23.580 loading class java/util/WeakHashMap$KeyIterator done
Event: 23.580 Thread 0x00000000193b5000 Thread exited: 0x00000000193b5000
Event: 23.589 Thread 0x000000001941b000 Thread exited: 0x000000001941b000
Event: 23.679 Thread 0x00000000193b3800 Thread exited: 0x00000000193b3800
Event: 23.679 Executing VM operation: Exit


Dynamic libraries:
0x00007ff6d1480000 - 0x00007ff6d14b7000 	C:\Program Files\Java\jdk1.8.0_66\bin\java.exe
0x00007ffa58890000 - 0x00007ffa58a61000 	C:\WINDOWS\SYSTEM32\ntdll.dll
0x00007ffa58120000 - 0x00007ffa581cb000 	C:\WINDOWS\System32\KERNEL32.DLL
0x00007ffa55060000 - 0x00007ffa5527d000 	C:\WINDOWS\System32\KERNELBASE.dll
0x00007ffa57e50000 - 0x00007ffa57ef2000 	C:\WINDOWS\System32\ADVAPI32.dll
0x00007ffa58080000 - 0x00007ffa5811e000 	C:\WINDOWS\System32\msvcrt.dll
0x00007ffa582f0000 - 0x00007ffa58349000 	C:\WINDOWS\System32\sechost.dll
0x00007ffa57ce0000 - 0x00007ffa57e01000 	C:\WINDOWS\System32\RPCRT4.dll
0x00007ffa574a0000 - 0x00007ffa57605000 	C:\WINDOWS\System32\USER32.dll
0x00007ffa55ab0000 - 0x00007ffa55ace000 	C:\WINDOWS\System32\win32u.dll
0x00007ffa57710000 - 0x00007ffa57744000 	C:\WINDOWS\System32\GDI32.dll
0x00007ffa55c90000 - 0x00007ffa55e12000 	C:\WINDOWS\System32\gdi32full.dll
0x00007ffa48c00000 - 0x00007ffa48e79000 	C:\WINDOWS\WinSxS\amd64_microsoft.windows.common-controls_6595b64144ccf1df_6.0.14393.0_none_2d0f50fcbdb171b8\COMCTL32.dll
0x00007ffa58350000 - 0x00007ffa58617000 	C:\WINDOWS\System32\combase.dll
0x00007ffa55280000 - 0x00007ffa55375000 	C:\WINDOWS\System32\ucrtbase.dll
0x00007ffa54ff0000 - 0x00007ffa5505a000 	C:\WINDOWS\System32\bcryptPrimitives.dll
0x00007ffa57e10000 - 0x00007ffa57e3e000 	C:\WINDOWS\System32\IMM32.DLL
0x0000000050150000 - 0x0000000050222000 	C:\Program Files\Java\jdk1.8.0_66\jre\bin\msvcr100.dll
0x0000000077770000 - 0x0000000077ff9000 	C:\Program Files\Java\jdk1.8.0_66\jre\bin\server\jvm.dll
0x00007ffa58070000 - 0x00007ffa58078000 	C:\WINDOWS\System32\PSAPI.DLL
0x00007ffa443d0000 - 0x00007ffa443d9000 	C:\WINDOWS\SYSTEM32\WSOCK32.dll
0x00007ffa58620000 - 0x00007ffa5868a000 	C:\WINDOWS\System32\WS2_32.dll
0x00007ffa491e0000 - 0x00007ffa49203000 	C:\WINDOWS\SYSTEM32\WINMM.dll
0x00007ffa4f640000 - 0x00007ffa4f64a000 	C:\WINDOWS\SYSTEM32\VERSION.dll
0x00007ffa49110000 - 0x00007ffa4913b000 	C:\WINDOWS\SYSTEM32\WINMMBASE.dll
0x00007ffa55380000 - 0x00007ffa553c2000 	C:\WINDOWS\System32\cfgmgr32.dll
0x0000000050d50000 - 0x0000000050d5f000 	C:\Program Files\Java\jdk1.8.0_66\jre\bin\verify.dll
0x0000000050d20000 - 0x0000000050d49000 	C:\Program Files\Java\jdk1.8.0_66\jre\bin\java.dll
0x0000000050d00000 - 0x0000000050d16000 	C:\Program Files\Java\jdk1.8.0_66\jre\bin\zip.dll
0x00007ffa55e30000 - 0x00007ffa57338000 	C:\WINDOWS\System32\SHELL32.dll
0x00007ffa553d0000 - 0x00007ffa55aaa000 	C:\WINDOWS\System32\windows.storage.dll
0x00007ffa54dd0000 - 0x00007ffa54e1c000 	C:\WINDOWS\System32\powrprof.dll
0x00007ffa58690000 - 0x00007ffa586e2000 	C:\WINDOWS\System32\shlwapi.dll
0x00007ffa54db0000 - 0x00007ffa54dbf000 	C:\WINDOWS\System32\kernel.appcore.dll
0x00007ffa55ad0000 - 0x00007ffa55b79000 	C:\WINDOWS\System32\shcore.dll
0x00007ffa54d90000 - 0x00007ffa54da4000 	C:\WINDOWS\System32\profapi.dll
0x00000000775d0000 - 0x0000000077768000 	C:\Program Files\Java\jdk1.8.0_66\jre\bin\awt.dll
0x00007ffa58230000 - 0x00007ffa582ec000 	C:\WINDOWS\System32\OLEAUT32.dll
0x00007ffa53410000 - 0x00007ffa5348a000 	C:\WINDOWS\SYSTEM32\apphelp.dll
0x00007ffa2d190000 - 0x00007ffa2db33000 	C:\opencv\build\java\x64\opencv_java249.dll
0x00007ffa57750000 - 0x00007ffa57887000 	C:\WINDOWS\System32\ole32.dll
0x00007ffa4e7b0000 - 0x00007ffa4e7d0000 	C:\WINDOWS\SYSTEM32\AVIFIL32.dll
0x00007ffa4e190000 - 0x00007ffa4e1b9000 	C:\WINDOWS\SYSTEM32\MSVFW32.dll
0x00007ffa4e2f0000 - 0x00007ffa4e308000 	C:\WINDOWS\SYSTEM32\AVICAP32.dll
0x00007ffa4dac0000 - 0x00007ffa4dadc000 	C:\WINDOWS\SYSTEM32\MSACM32.dll
0x00007ffa538f0000 - 0x00007ffa53985000 	C:\WINDOWS\system32\uxtheme.dll
0x00007ffa57340000 - 0x00007ffa5749b000 	C:\WINDOWS\System32\MSCTF.dll
0x00007ffa3d5a0000 - 0x00007ffa3d638000 	C:\Program Files\Common Files\microsoft shared\ink\tiptsf.dll
0x00007ffa52720000 - 0x00007ffa52746000 	C:\WINDOWS\system32\dwmapi.dll
0x00000000500e0000 - 0x0000000050127000 	C:\Program Files\Java\jdk1.8.0_66\jre\bin\fontmanager.dll
0x0000000050ce0000 - 0x0000000050cfa000 	C:\Program Files\Java\jdk1.8.0_66\jre\bin\net.dll
0x00007ffa54660000 - 0x00007ffa546bc000 	C:\WINDOWS\system32\mswsock.dll
0x0000000050130000 - 0x0000000050141000 	C:\Program Files\Java\jdk1.8.0_66\jre\bin\nio.dll
0x0000000050090000 - 0x00000000500d2000 	C:\Program Files\Java\jdk1.8.0_66\jre\bin\t2k.dll
0x00007ffa57670000 - 0x00007ffa5770f000 	C:\WINDOWS\System32\clbcatq.dll
0x00007ffa41c70000 - 0x00007ffa41e1b000 	C:\Windows\System32\uiautomationcore.dll
0x00007ffa544f0000 - 0x00007ffa5450f000 	C:\Windows\System32\USERENV.dll
0x00007ffa54bd0000 - 0x00007ffa54c68000 	C:\WINDOWS\SYSTEM32\sxs.dll
0x00007ffa48590000 - 0x00007ffa485f5000 	C:\Windows\System32\OLEACC.dll
0x00007ffa3d8c0000 - 0x00007ffa3d93d000 	C:\WINDOWS\SYSTEM32\twinapi.dll
0x00007ffa515e0000 - 0x00007ffa516fc000 	C:\WINDOWS\SYSTEM32\twinapi.appcore.dll
0x00007ffa54cd0000 - 0x00007ffa54cfb000 	C:\WINDOWS\SYSTEM32\bcrypt.dll
0x0000000076be0000 - 0x0000000076c0a000 	C:\Program Files\Java\jdk1.8.0_66\jre\bin\dcpr.dll
0x00007ffa4dea0000 - 0x00007ffa4deb8000 	C:\Windows\System32\devenum.dll
0x00007ffa57890000 - 0x00007ffa57cb9000 	C:\WINDOWS\System32\setupapi.dll
0x00007ffa54140000 - 0x00007ffa54172000 	C:\WINDOWS\SYSTEM32\ntmarta.dll
0x00007ffa53990000 - 0x00007ffa539b8000 	C:\WINDOWS\SYSTEM32\DEVOBJ.dll
0x00007ffa55b80000 - 0x00007ffa55bd5000 	C:\WINDOWS\System32\WINTRUST.dll
0x00007ffa54dc0000 - 0x00007ffa54dd0000 	C:\WINDOWS\System32\MSASN1.dll
0x00007ffa54e20000 - 0x00007ffa54fe8000 	C:\WINDOWS\System32\CRYPT32.dll
0x00007ffa53500000 - 0x00007ffa5350a000 	C:\WINDOWS\SYSTEM32\msdmo.dll
0x00007ffa4da70000 - 0x00007ffa4daa3000 	C:\Windows\System32\qcap.dll
0x00007ffa38fa0000 - 0x00007ffa39163000 	C:\Windows\System32\quartz.dll
0x00007ffa4c5c0000 - 0x00007ffa4c608000 	C:\Windows\System32\mfksproxy.dll
0x00007ffa4bb20000 - 0x00007ffa4bb3c000 	C:\Windows\System32\ATL.DLL
0x00007ffa32f70000 - 0x00007ffa330d8000 	C:\Windows\System32\MFPlat.DLL
0x00007ffa32f40000 - 0x00007ffa32f6e000 	C:\Windows\System32\RTWorkQ.DLL
0x00007ffa30a80000 - 0x00007ffa30e6b000 	C:\Windows\System32\MFCORE.dll
0x00007ffa46ee0000 - 0x00007ffa46ee9000 	C:\Windows\System32\ksuser.dll
0x00007ffa54820000 - 0x00007ffa5482b000 	C:\Windows\System32\CRYPTBASE.DLL
0x00007ffa4c560000 - 0x00007ffa4c5b2000 	C:\Windows\System32\FSClient.dll
0x00007ffa49900000 - 0x00007ffa4994d000 	C:\Windows\System32\MFSENSORGROUP.dll
0x00007ffa51cc0000 - 0x00007ffa51ccb000 	C:\Windows\System32\AVRT.dll
0x00007ffa52770000 - 0x00007ffa5277d000 	C:\Windows\System32\vidcap.ax
0x00007ffa4cac0000 - 0x00007ffa4cae5000 	C:\Windows\System32\kswdmcap.ax
0x00007ffa3f6c0000 - 0x00007ffa3f823000 	C:\Windows\System32\MFC42.dll
0x00007ffa42130000 - 0x00007ffa421df000 	C:\Windows\System32\ODBC32.dll
0x00007ffa542b0000 - 0x00007ffa542ba000 	C:\Windows\System32\DPAPI.dll
0x00007ffa49b60000 - 0x00007ffa49ba3000 	C:\WINDOWS\SYSTEM32\policymanager.dll
0x00007ffa52c20000 - 0x00007ffa52cb1000 	C:\Windows\System32\msvcp110_win.dll
0x00007ffa3f1e0000 - 0x00007ffa3f2b4000 	C:\Windows\System32\MFReadWrite.dll
0x00007ffa41180000 - 0x00007ffa41223000 	C:\Windows\System32\qedit.dll
0x00007ffa57f00000 - 0x00007ffa57ffa000 	C:\WINDOWS\System32\COMDLG32.dll
0x00007ffa486b0000 - 0x00007ffa48849000 	C:\WINDOWS\WinSxS\amd64_microsoft.windows.gdiplus_6595b64144ccf1df_1.1.14393.0_none_acd6c01ad1498de0\gdiplus.dll
0x00007ffa41990000 - 0x00007ffa41a87000 	C:\Windows\System32\DDRAW.dll
0x00007ffa4e950000 - 0x00007ffa4e958000 	C:\Windows\System32\DCIMAN32.dll
0x00007ffa32560000 - 0x00007ffa3275e000 	C:\Program Files (x86)\K-Lite Codec Pack\Filters\DirectVobSub64\vsfilter.dll
0x00007ffa46790000 - 0x00007ffa46a1a000 	C:\WINDOWS\SYSTEM32\WININET.dll
0x00007ffa48500000 - 0x00007ffa48585000 	C:\WINDOWS\SYSTEM32\WINSPOOL.DRV
0x00007ffa523b0000 - 0x00007ffa523bc000 	C:\WINDOWS\SYSTEM32\msyuv.dll
0x00007ffa54800000 - 0x00007ffa54817000 	C:\WINDOWS\SYSTEM32\CRYPTSP.dll
0x00007ffa54270000 - 0x00007ffa542a3000 	C:\WINDOWS\system32\rsaenh.dll
0x00007ffa543f0000 - 0x00007ffa54428000 	C:\WINDOWS\SYSTEM32\IPHLPAPI.DLL
0x00007ffa55e20000 - 0x00007ffa55e28000 	C:\WINDOWS\System32\NSI.dll
0x00007ffa4b900000 - 0x00007ffa4b916000 	C:\WINDOWS\SYSTEM32\dhcpcsvc6.DLL
0x00007ffa4cc90000 - 0x00007ffa4ccaa000 	C:\WINDOWS\SYSTEM32\dhcpcsvc.DLL
0x00007ffa4f7c0000 - 0x00007ffa4f952000 	C:\WINDOWS\SYSTEM32\dbghelp.dll

VM Arguments:
jvm_args: -Dfile.encoding=UTF-8 -Djava.library.path=C:\opencv\build\java\x64 
java_command: gui.CarDetection
java_class_path (initial): C:\opencv\build\java\opencv-249.jar;C:\Users\MarcosVinicius\Documents\NetBeansProjects\DetectorDeFace\mysql-connector-java-5.1.39-bin.jar;C:\Users\MarcosVinicius\Documents\NetBeansProjects\DetectorDeFace\build\classes
Launcher Type: SUN_STANDARD

Environment Variables:
PATH=C:\ProgramData\Oracle\Java\javapath;C:\Program Files (x86)\NVIDIA Corporation\PhysX\Common;C:\Program Files (x86)\Intel\iCLS Client\;C:\Program Files\Intel\iCLS Client\;C:\WINDOWS\system32;C:\WINDOWS;C:\WINDOWS\System32\Wbem;C:\WINDOWS\System32\WindowsPowerShell\v1.0\;C:\Program Files\Intel\Intel(R) Management Engine Components\DAL;C:\Program Files\Intel\Intel(R) Management Engine Components\IPT;C:\Program Files (x86)\Intel\Intel(R) Management Engine Components\DAL;C:\Program Files (x86)\Intel\Intel(R) Management Engine Components\IPT;C:\Program Files\Intel\WiFi\bin\;C:\Program Files\Common Files\Intel\WirelessCommon\;C:\Program Files\Microsoft\Web Platform Installer\;C:\Program Files (x86)\Microsoft ASP.NET\ASP.NET Web Pages\v1.0\;C:\Program Files\Microsoft SQL Server\110\Tools\Binn\;C:\WINDOWS\system32\config\systemprofile\.dnx\bin;C:\Program Files\Microsoft DNX\Dnvm\;C:\Program Files (x86)\Windows Kits\8.1\Windows Performance Toolkit\;C:\Program Files (x86)\Skype\Phone\;C:\Program Files\Microsoft SQL Server\120\Tools\Binn\;C:\Program Files\Microsoft SQL Server\130\Tools\Binn\;C:\Program Files\nodejs\;C:\Program Files (x86)\MySQL\MySQL Fabric 1.5 & MySQL Utilities 1.5\;C:\Program Files (x86)\MySQL\MySQL Fabric 1.5 & MySQL Utilities 1.5\Doctrine extensions for PHP\;C:\Users\MarcosVinicius\AppData\Roaming\npm;%USERPROFILE%\AppData\Local\Microsoft\WindowsApps;
USERNAME=MarcosVinicius
OS=Windows_NT
PROCESSOR_IDENTIFIER=Intel64 Family 6 Model 69 Stepping 1, GenuineIntel



---------------  S Y S T E M  ---------------

OS: Windows 10.0 , 64 bit Build 14393 (10.0.14393.0)

CPU:total 4 (2 cores per cpu, 2 threads per core) family 6 model 69 stepping 1, cmov, cx8, fxsr, mmx, sse, sse2, sse3, ssse3, sse4.1, sse4.2, popcnt, avx, avx2, aes, clmul, erms, lzcnt, ht, tsc, tscinvbit, bmi1, bmi2

Memory: 4k page, physical 8268904k(2390084k free), swap 10234984k(4092220k free)

vm_info: Java HotSpot(TM) 64-Bit Server VM (25.66-b17) for windows-amd64 JRE (1.8.0_66-b17), built on Oct  6 2015 18:55:33 by "java_re" with MS VC++ 10.0 (VS2010)

time: Mon Oct 03 23:26:13 2016
elapsed time: 25 seconds (0d 0h 0m 25s)

